Using pre-set license
Built from '2020.3/staging' branch; Version is '2020.3.18f1 (a7d1c678663c) revision 10998214'; Using compiler version '192528614'; Build Type 'Release'
OS: 'Windows 10 Home; OS build 18363.1316; Version 1909; 64bit' Language: 'en' Physical Memory: 8034 MB
BatchMode: 1, IsHumanControllingUs: 0, StartBugReporterOnCrash: 0, Is64bit: 1, IsPro: 0

COMMAND LINE ARGUMENTS:
D:\2020.3.18f1\Editor\Unity.exe
-adb2
-batchMode
-noUpm
-name
AssetImportWorker2
-projectPath
D:/Unity/unity_W2_KD_110/KG
-logFile
Logs/AssetImportWorker2.log
-srvPort
58098
Successfully changed project path to: D:/Unity/unity_W2_KD_110/KG
D:/Unity/unity_W2_KD_110/KG
Using Asset Import Pipeline V2.
Refreshing native plugins compatible for Editor in 430.06 ms, found 3 plugins.
Preloading 0 native plugins for Editor in 0.00 ms.
Initialize engine version: 2020.3.18f1 (a7d1c678663c)
[Subsystems] Discovering subsystems at path D:/2020.3.18f1/Editor/Data/Resources/UnitySubsystems
[Subsystems] Discovering subsystems at path D:/Unity/unity_W2_KD_110/KG/Assets
GfxDevice: creating device client; threaded=0
Direct3D:
    Version:  Direct3D 11.0 [level 11.1]
    Renderer: NVIDIA GeForce GTX 1050 (ID=0x1c91)
    Vendor:   
    VRAM:     2996 MB
    Driver:   27.21.14.5167
Initialize mono
Mono path[0] = 'D:/2020.3.18f1/Editor/Data/Managed'
Mono path[1] = 'D:/2020.3.18f1/Editor/Data/MonoBleedingEdge/lib/mono/unityjit'
Mono config path = 'D:/2020.3.18f1/Editor/Data/MonoBleedingEdge/etc'
Using monoOptions --debugger-agent=transport=dt_socket,embedding=1,server=y,suspend=n,address=127.0.0.1:56820
Begin MonoManager ReloadAssembly
Registering precompiled unity dll's ...
Register platform support module: D:/2020.3.18f1/Editor/Data/PlaybackEngines/WebGLSupport/UnityEditor.WebGL.Extensions.dll
Register platform support module: D:/2020.3.18f1/Editor/Data/PlaybackEngines/WindowsStandaloneSupport/UnityEditor.WindowsStandalone.Extensions.dll
Registered in 0.001216 seconds.
Native extension for WindowsStandalone target not found
Native extension for WebGL target not found
Refreshing native plugins compatible for Editor in 58.67 ms, found 3 plugins.
Preloading 0 native plugins for Editor in 0.00 ms.
Mono: successfully reloaded assembly
- Completed reload, in  1.443 seconds
Domain Reload Profiling:
	ReloadAssembly (1443ms)
		BeginReloadAssembly (48ms)
			ExecutionOrderSort (0ms)
			DisableScriptedObjects (0ms)
			BackupInstance (0ms)
			ReleaseScriptingObjects (0ms)
			CreateAndSetChildDomain (1ms)
		EndReloadAssembly (419ms)
			LoadAssemblies (48ms)
			RebuildTransferFunctionScriptingTraits (0ms)
			SetupTypeCache (161ms)
			ReleaseScriptCaches (0ms)
			RebuildScriptCaches (26ms)
			SetupLoadedEditorAssemblies (161ms)
				LogAssemblyErrors (0ms)
				InitializePlatformSupportModulesInManaged (4ms)
				SetLoadedEditorAssemblies (0ms)
				RefreshPlugins (59ms)
				BeforeProcessingInitializeOnLoad (7ms)
				ProcessInitializeOnLoadAttributes (67ms)
				ProcessInitializeOnLoadMethodAttributes (24ms)
				AfterProcessingInitializeOnLoad (0ms)
				EditorAssembliesLoaded (0ms)
			ExecutionOrderSort2 (0ms)
			AwakeInstancesAfterBackupRestoration (0ms)
Platform modules already initialized, skipping
Registering precompiled user dll's ...
Registered in 0.003149 seconds.
Begin MonoManager ReloadAssembly
Native extension for WindowsStandalone target not found
Native extension for WebGL target not found
Refreshing native plugins compatible for Editor in 60.87 ms, found 3 plugins.
Preloading 0 native plugins for Editor in 0.00 ms.
Mono: successfully reloaded assembly
- Completed reload, in  1.246 seconds
Domain Reload Profiling:
	ReloadAssembly (1247ms)
		BeginReloadAssembly (134ms)
			ExecutionOrderSort (0ms)
			DisableScriptedObjects (4ms)
			BackupInstance (0ms)
			ReleaseScriptingObjects (0ms)
			CreateAndSetChildDomain (17ms)
		EndReloadAssembly (1062ms)
			LoadAssemblies (87ms)
			RebuildTransferFunctionScriptingTraits (0ms)
			SetupTypeCache (286ms)
			ReleaseScriptCaches (0ms)
			RebuildScriptCaches (54ms)
			SetupLoadedEditorAssemblies (525ms)
				LogAssemblyErrors (0ms)
				InitializePlatformSupportModulesInManaged (4ms)
				SetLoadedEditorAssemblies (0ms)
				RefreshPlugins (61ms)
				BeforeProcessingInitializeOnLoad (55ms)
				ProcessInitializeOnLoadAttributes (392ms)
				ProcessInitializeOnLoadMethodAttributes (11ms)
				AfterProcessingInitializeOnLoad (2ms)
				EditorAssembliesLoaded (0ms)
			ExecutionOrderSort2 (0ms)
			AwakeInstancesAfterBackupRestoration (5ms)
Platform modules already initialized, skipping
========================================================================
Worker process is ready to serve import requests
Launched and connected shader compiler UnityShaderCompiler.exe after 0.79 seconds
Refreshing native plugins compatible for Editor in 0.75 ms, found 3 plugins.
Preloading 0 native plugins for Editor in 0.00 ms.
Unloading 2561 Unused Serialized files (Serialized files now loaded: 0)
System memory in use before: 118.3 MB.
System memory in use after: 118.5 MB.

Unloading 26 unused Assets to reduce memory usage. Loaded Objects now: 3006.
Total: 3.229400 ms (FindLiveObjects: 0.230700 ms CreateObjectMapping: 0.099200 ms MarkObjects: 2.876500 ms  DeleteObjects: 0.022000 ms)

AssetImportParameters requested are different than current active one (requested -> active):
  custom:framework-win-MediaFoundation: 216162199b28c13a410421893ffa2e32 -> 
  custom:video-decoder-ogg-theora: a1e56fd34408186e4bbccfd4996cb3dc -> 
  custom:container-muxer-webm: aa71ff27fc2769a1b78a27578f13a17b -> 
  custom:container-demuxer-webm: 4f35f7cbe854078d1ac9338744f61a02 -> 
  custom:container-demuxer-ogg: 62fdf1f143b41e24485cea50d1cbac27 -> 
  custom:video-encoder-webm-vp8: eb34c28f22e8b96e1ab97ce403110664 -> 
  custom:video-decoder-webm-vp8: 9c59270c3fd7afecdb556c50c9e8de78 -> 
  custom:audio-decoder-ogg-vorbis: bf7c407c2cedff20999df2af8eb42d56 -> 
  custom:audio-encoder-webm-vorbis: bf7c407c2cedff20999df2af8eb42d56 -> 
========================================================================
Received Import Request.
  path: Assets/2DGamekit/Art/Materials/VFX/Glow.mat
  artifactKey: Guid(4e5d31cb01fd7ce418bf692fcce23b50) Importer(815301076,1909f56bfc062723c751e8b465ee728b)
Start importing Assets/2DGamekit/Art/Materials/VFX/Glow.mat using Guid(4e5d31cb01fd7ce418bf692fcce23b50) Importer(815301076,1909f56bfc062723c751e8b465ee728b)  -> (artifact id: 'afd206009a4358ab5f08f4a7f1670b8a') in 0.861430 seconds 
  Import took 0.936683 seconds .

========================================================================
Received Import Request.
  Time since last request: 0.001023 seconds.
  path: Assets/2DGamekit/Art/Animations/Timeline/Zone2CutsceneTimeline.playable
  artifactKey: Guid(1531c2544f284334a93cf920feeffef3) Importer(815301076,1909f56bfc062723c751e8b465ee728b)
Start importing Assets/2DGamekit/Art/Animations/Timeline/Zone2CutsceneTimeline.playable using Guid(1531c2544f284334a93cf920feeffef3) Importer(815301076,1909f56bfc062723c751e8b465ee728b)  -> (artifact id: 'f54f1c6d4b5c2b21779ad4eca4a9fab9') in 0.056994 seconds 
  Import took 0.126051 seconds .

========================================================================
Received Import Request.
  Time since last request: 0.000395 seconds.
  path: Assets/2DGamekit/Art/Animations/Timeline/Zone4Cutscene1Timeline.playable
  artifactKey: Guid(e0370d49e45befd49bd8caf1af498575) Importer(815301076,1909f56bfc062723c751e8b465ee728b)
Start importing Assets/2DGamekit/Art/Animations/Timeline/Zone4Cutscene1Timeline.playable using Guid(e0370d49e45befd49bd8caf1af498575) Importer(815301076,1909f56bfc062723c751e8b465ee728b)  -> (artifact id: 'bf00dffafd3ee21b54745da1e30d8637') in 0.002784 seconds 
  Import took 0.057347 seconds .

========================================================================
Received Import Request.
  Time since last request: 0.000377 seconds.
  path: Assets/2DGamekit/Art/Animations/Timeline/Zone4Cutscene2Timeline.playable
  artifactKey: Guid(7d624d33590bb7c4988da22985cb5263) Importer(815301076,1909f56bfc062723c751e8b465ee728b)
Start importing Assets/2DGamekit/Art/Animations/Timeline/Zone4Cutscene2Timeline.playable using Guid(7d624d33590bb7c4988da22985cb5263) Importer(815301076,1909f56bfc062723c751e8b465ee728b)  -> (artifact id: '7ed9918f70cda2e42e0e43bc2e3bbe30') in 0.002837 seconds 
  Import took 0.118315 seconds .

========================================================================
Received Import Request.
  Time since last request: 0.000672 seconds.
  path: Assets/2DGamekit/Art/Materials/VFX/RoundParticles.mat
  artifactKey: Guid(9d008d8496a77794bbf7cdf9ed4684ce) Importer(815301076,1909f56bfc062723c751e8b465ee728b)
Start importing Assets/2DGamekit/Art/Materials/VFX/RoundParticles.mat using Guid(9d008d8496a77794bbf7cdf9ed4684ce) Importer(815301076,1909f56bfc062723c751e8b465ee728b)  -> (artifact id: 'e117b8c25c164aba821c1787e5b17eac') in 0.053800 seconds 
  Import took 0.113780 seconds .

========================================================================
Received Import Request.
  Time since last request: 0.000520 seconds.
  path: Assets/2DGamekit/Art/Animations/Timeline/Zone5CutsceneTineline.playable
  artifactKey: Guid(bb48787907c249b48a5df0383be03462) Importer(815301076,1909f56bfc062723c751e8b465ee728b)
Start importing Assets/2DGamekit/Art/Animations/Timeline/Zone5CutsceneTineline.playable using Guid(bb48787907c249b48a5df0383be03462) Importer(815301076,1909f56bfc062723c751e8b465ee728b)  -> (artifact id: '394f44fe8e40c7d835b831b8c4b43445') in 0.013427 seconds 
  Import took 0.020765 seconds .

========================================================================
Received Import Request.
  Time since last request: 0.000343 seconds.
  path: Assets/2DGamekit/Art/Materials/UI/UIBlur.mat
  artifactKey: Guid(22715a55ad6388d419657130825b7b1b) Importer(815301076,1909f56bfc062723c751e8b465ee728b)
Start importing Assets/2DGamekit/Art/Materials/UI/UIBlur.mat using Guid(22715a55ad6388d419657130825b7b1b) Importer(815301076,1909f56bfc062723c751e8b465ee728b)  -> (artifact id: '147e612c1eda29bbb01734a9e543985c') in 0.049883 seconds 
  Import took 0.115490 seconds .

========================================================================
Received Import Request.
  Time since last request: 0.000521 seconds.
  path: Assets/2DGamekit/Art/Materials/VFX/Snap.mat
  artifactKey: Guid(de328d09c5cef004693237594faf4520) Importer(815301076,1909f56bfc062723c751e8b465ee728b)
Start importing Assets/2DGamekit/Art/Materials/VFX/Snap.mat using Guid(de328d09c5cef004693237594faf4520) Importer(815301076,1909f56bfc062723c751e8b465ee728b)  -> (artifact id: 'c97072b6b6f62f5dfa164e30954e3f73') in 0.072351 seconds 
  Import took 0.091734 seconds .

========================================================================
Received Import Request.
  Time since last request: 77.942374 seconds.
  path: Assets/2DGamekit/Art/Sprites/Environment/FloatingRocks_2.asset
  artifactKey: Guid(cb9f369b37e5e2b4486684f3e08037c2) Importer(815301076,1909f56bfc062723c751e8b465ee728b)
Start importing Assets/2DGamekit/Art/Sprites/Environment/FloatingRocks_2.asset using Guid(cb9f369b37e5e2b4486684f3e08037c2) Importer(815301076,1909f56bfc062723c751e8b465ee728b)  -> (artifact id: '57f598465b2634a6e540eaf503d2fd87') in 0.464880 seconds 
  Import took 0.541222 seconds .

========================================================================
Received Import Request.
  Time since last request: 309.459978 seconds.
  path: Assets/2DGamekit/Art/Sprites/Environment/WallTile02.asset
  artifactKey: Guid(76775f8a7e7225e4a862cc46deccd69d) Importer(815301076,1909f56bfc062723c751e8b465ee728b)
Start importing Assets/2DGamekit/Art/Sprites/Environment/WallTile02.asset using Guid(76775f8a7e7225e4a862cc46deccd69d) Importer(815301076,1909f56bfc062723c751e8b465ee728b)  -> (artifact id: 'c8536656b120636e1ae32c0de71e0e82') in 0.033590 seconds 
  Import took 0.048722 seconds .

========================================================================
Received Import Request.
  Time since last request: 117.190946 seconds.
  path: Assets/2DGamekit/Art/Sprites/Environment/HangingPlants1_9.asset
  artifactKey: Guid(910cc8d7882e9bc45b12006d56c03394) Importer(815301076,1909f56bfc062723c751e8b465ee728b)
Start importing Assets/2DGamekit/Art/Sprites/Environment/HangingPlants1_9.asset using Guid(910cc8d7882e9bc45b12006d56c03394) Importer(815301076,1909f56bfc062723c751e8b465ee728b)  -> (artifact id: '7eee89e1d7de18d5b89675bf7128a2ec') in 0.025754 seconds 
  Import took 0.031052 seconds .

========================================================================
Received Import Request.
  Time since last request: 328.245072 seconds.
  path: Assets/2DGamekit/Art/Sprites/VFX/Enemies/Gunner/Beam.png
  artifactKey: Guid(119fb27e4431ff745a78b13ec8388c8b) Importer(815301076,1909f56bfc062723c751e8b465ee728b)
Start importing Assets/2DGamekit/Art/Sprites/VFX/Enemies/Gunner/Beam.png using Guid(119fb27e4431ff745a78b13ec8388c8b) Importer(815301076,1909f56bfc062723c751e8b465ee728b)  -> (artifact id: 'a9122732c1d28b9f0b1050bfc6862090') in 0.329079 seconds 
  Import took 0.350162 seconds .

========================================================================
Received Import Request.
  Time since last request: 0.000505 seconds.
  path: Assets/2DGamekit/Art/Sprites/VFX/Enemies/Gunner/GunnerProjectile.png
  artifactKey: Guid(6f348586a663cbb4485e2ef429446869) Importer(815301076,1909f56bfc062723c751e8b465ee728b)
Start importing Assets/2DGamekit/Art/Sprites/VFX/Enemies/Gunner/GunnerProjectile.png using Guid(6f348586a663cbb4485e2ef429446869) Importer(815301076,1909f56bfc062723c751e8b465ee728b)  -> (artifact id: '86003cac6f6d769b7271cdd57e072c65') in 0.036698 seconds 
  Import took 0.062749 seconds .

========================================================================
Received Import Request.
  Time since last request: 0.000359 seconds.
  path: Assets/2DGamekit/Art/Sprites/VFX/Enemies/Gunner/GunnerShield.png
  artifactKey: Guid(8dcb90af448222c4d97b866d75616c6f) Importer(815301076,1909f56bfc062723c751e8b465ee728b)
Start importing Assets/2DGamekit/Art/Sprites/VFX/Enemies/Gunner/GunnerShield.png using Guid(8dcb90af448222c4d97b866d75616c6f) Importer(815301076,1909f56bfc062723c751e8b465ee728b)  -> (artifact id: '7ce808a83a10d73a422abfaed0fa4cc6') in 0.071527 seconds 
  Import took 0.109135 seconds .

========================================================================
Received Import Request.
  Time since last request: 0.000348 seconds.
  path: Assets/2DGamekit/Art/Sprites/VFX/Enemies/Gunner/SteamJet.png
  artifactKey: Guid(1409898394b75a6439cffdc2f8756a92) Importer(815301076,1909f56bfc062723c751e8b465ee728b)
Start importing Assets/2DGamekit/Art/Sprites/VFX/Enemies/Gunner/SteamJet.png using Guid(1409898394b75a6439cffdc2f8756a92) Importer(815301076,1909f56bfc062723c751e8b465ee728b)  -> (artifact id: '6bd3e86f91db556d642eea250ff1b063') in 0.051675 seconds 
  Import took 0.078556 seconds .

========================================================================
Received Import Request.
  Time since last request: 0.000349 seconds.
  path: Assets/2DGamekit/Art/Sprites/VFX/Enemies/Gunner/Lightning.png
  artifactKey: Guid(e0aa0ad79b4e3fc4a8b64822dcda6776) Importer(815301076,1909f56bfc062723c751e8b465ee728b)
Start importing Assets/2DGamekit/Art/Sprites/VFX/Enemies/Gunner/Lightning.png using Guid(e0aa0ad79b4e3fc4a8b64822dcda6776) Importer(815301076,1909f56bfc062723c751e8b465ee728b)  -> (artifact id: '677a2a8fc74fd1066f84ccdbda4a5933') in 0.056035 seconds 
  Import took 0.070429 seconds .

========================================================================
Received Import Request.
  Time since last request: 0.000592 seconds.
  path: Assets/2DGamekit/Art/Sprites/VFX/Enemies/Gunner/GunnerProjectileTrail.png
  artifactKey: Guid(8a19221d6ae43a74ca56c12fa30895fa) Importer(815301076,1909f56bfc062723c751e8b465ee728b)
Start importing Assets/2DGamekit/Art/Sprites/VFX/Enemies/Gunner/GunnerProjectileTrail.png using Guid(8a19221d6ae43a74ca56c12fa30895fa) Importer(815301076,1909f56bfc062723c751e8b465ee728b)  -> (artifact id: '327dab195fc6118b237017a7eec3a3f1') in 0.189501 seconds 
  Import took 0.223185 seconds .

========================================================================
Received Import Request.
  Time since last request: 0.000838 seconds.
  path: Assets/2DGamekit/Art/Sprites/VFX/Enemies/Gunner/Beam2.png
  artifactKey: Guid(c5a32a0a640efe349b674f87c1a1f1d9) Importer(815301076,1909f56bfc062723c751e8b465ee728b)
Start importing Assets/2DGamekit/Art/Sprites/VFX/Enemies/Gunner/Beam2.png using Guid(c5a32a0a640efe349b674f87c1a1f1d9) Importer(815301076,1909f56bfc062723c751e8b465ee728b)  -> (artifact id: '93984f448ceb56fc59ce1b9ebf0b550b') in 0.054244 seconds 
  Import took 0.079285 seconds .

AssetImportWorkerClient::OnTransportError - code=2 error=End of file
