Using pre-set license
Built from '2020.3/staging' branch; Version is '2020.3.18f1 (a7d1c678663c) revision 10998214'; Using compiler version '192528614'; Build Type 'Release'
OS: 'Windows 10 Home; OS build 18363.1316; Version 1909; 64bit' Language: 'en' Physical Memory: 8034 MB
BatchMode: 1, IsHumanControllingUs: 0, StartBugReporterOnCrash: 0, Is64bit: 1, IsPro: 0

COMMAND LINE ARGUMENTS:
D:\2020.3.18f1\Editor\Unity.exe
-adb2
-batchMode
-noUpm
-name
AssetImportWorker2
-projectPath
D:/Unity/unity_W2_KD_110/New Unity Project
-logFile
Logs/AssetImportWorker2.log
-srvPort
58854
Successfully changed project path to: D:/Unity/unity_W2_KD_110/New Unity Project
D:/Unity/unity_W2_KD_110/New Unity Project
Using Asset Import Pipeline V2.
Refreshing native plugins compatible for Editor in 41.53 ms, found 3 plugins.
Preloading 0 native plugins for Editor in 0.00 ms.
Initialize engine version: 2020.3.18f1 (a7d1c678663c)
[Subsystems] Discovering subsystems at path D:/2020.3.18f1/Editor/Data/Resources/UnitySubsystems
[Subsystems] Discovering subsystems at path D:/Unity/unity_W2_KD_110/New Unity Project/Assets
GfxDevice: creating device client; threaded=0
Direct3D:
    Version:  Direct3D 11.0 [level 11.1]
    Renderer: NVIDIA GeForce GTX 1050 (ID=0x1c91)
    Vendor:   
    VRAM:     2996 MB
    Driver:   27.21.14.5167
Initialize mono
Mono path[0] = 'D:/2020.3.18f1/Editor/Data/Managed'
Mono path[1] = 'D:/2020.3.18f1/Editor/Data/MonoBleedingEdge/lib/mono/unityjit'
Mono config path = 'D:/2020.3.18f1/Editor/Data/MonoBleedingEdge/etc'
Using monoOptions --debugger-agent=transport=dt_socket,embedding=1,server=y,suspend=n,address=127.0.0.1:56968
Begin MonoManager ReloadAssembly
Registering precompiled unity dll's ...
Register platform support module: D:/2020.3.18f1/Editor/Data/PlaybackEngines/WebGLSupport/UnityEditor.WebGL.Extensions.dll
Register platform support module: D:/2020.3.18f1/Editor/Data/PlaybackEngines/WindowsStandaloneSupport/UnityEditor.WindowsStandalone.Extensions.dll
Registered in 0.001201 seconds.
Native extension for WindowsStandalone target not found
Native extension for WebGL target not found
Refreshing native plugins compatible for Editor in 39.34 ms, found 3 plugins.
Preloading 0 native plugins for Editor in 0.00 ms.
Mono: successfully reloaded assembly
- Completed reload, in  1.381 seconds
Domain Reload Profiling:
	ReloadAssembly (1381ms)
		BeginReloadAssembly (51ms)
			ExecutionOrderSort (0ms)
			DisableScriptedObjects (0ms)
			BackupInstance (0ms)
			ReleaseScriptingObjects (0ms)
			CreateAndSetChildDomain (1ms)
		EndReloadAssembly (364ms)
			LoadAssemblies (50ms)
			RebuildTransferFunctionScriptingTraits (0ms)
			SetupTypeCache (133ms)
			ReleaseScriptCaches (0ms)
			RebuildScriptCaches (29ms)
			SetupLoadedEditorAssemblies (143ms)
				LogAssemblyErrors (0ms)
				InitializePlatformSupportModulesInManaged (4ms)
				SetLoadedEditorAssemblies (0ms)
				RefreshPlugins (39ms)
				BeforeProcessingInitializeOnLoad (7ms)
				ProcessInitializeOnLoadAttributes (67ms)
				ProcessInitializeOnLoadMethodAttributes (24ms)
				AfterProcessingInitializeOnLoad (0ms)
				EditorAssembliesLoaded (0ms)
			ExecutionOrderSort2 (0ms)
			AwakeInstancesAfterBackupRestoration (0ms)
Platform modules already initialized, skipping
Registering precompiled user dll's ...
Registered in 0.002635 seconds.
Begin MonoManager ReloadAssembly
Native extension for WindowsStandalone target not found
Native extension for WebGL target not found
Refreshing native plugins compatible for Editor in 38.93 ms, found 3 plugins.
Preloading 0 native plugins for Editor in 0.00 ms.
[ScriptCompilation] NOT recompiling all scripts because this is an import worker process. Reason to compile was: Define symbols changed
Mono: successfully reloaded assembly
- Completed reload, in  1.979 seconds
Domain Reload Profiling:
	ReloadAssembly (1980ms)
		BeginReloadAssembly (133ms)
			ExecutionOrderSort (0ms)
			DisableScriptedObjects (4ms)
			BackupInstance (0ms)
			ReleaseScriptingObjects (0ms)
			CreateAndSetChildDomain (18ms)
		EndReloadAssembly (1797ms)
			LoadAssemblies (86ms)
			RebuildTransferFunctionScriptingTraits (0ms)
			SetupTypeCache (359ms)
			ReleaseScriptCaches (0ms)
			RebuildScriptCaches (47ms)
			SetupLoadedEditorAssemblies (1201ms)
				LogAssemblyErrors (0ms)
				InitializePlatformSupportModulesInManaged (4ms)
				SetLoadedEditorAssemblies (0ms)
				RefreshPlugins (39ms)
				BeforeProcessingInitializeOnLoad (56ms)
				ProcessInitializeOnLoadAttributes (1086ms)
				ProcessInitializeOnLoadMethodAttributes (13ms)
				AfterProcessingInitializeOnLoad (2ms)
				EditorAssembliesLoaded (0ms)
			ExecutionOrderSort2 (0ms)
			AwakeInstancesAfterBackupRestoration (6ms)
Platform modules already initialized, skipping
========================================================================
Worker process is ready to serve import requests
Launched and connected shader compiler UnityShaderCompiler.exe after 0.14 seconds
Refreshing native plugins compatible for Editor in 0.44 ms, found 3 plugins.
Preloading 0 native plugins for Editor in 0.00 ms.
Unloading 2374 Unused Serialized files (Serialized files now loaded: 0)
System memory in use before: 106.9 MB.
System memory in use after: 107.0 MB.

Unloading 27 unused Assets to reduce memory usage. Loaded Objects now: 2813.
Total: 3.509600 ms (FindLiveObjects: 0.219600 ms CreateObjectMapping: 0.080600 ms MarkObjects: 3.103800 ms  DeleteObjects: 0.104700 ms)

AssetImportParameters requested are different than current active one (requested -> active):
  custom:framework-win-MediaFoundation: 216162199b28c13a410421893ffa2e32 -> 
  custom:video-decoder-ogg-theora: a1e56fd34408186e4bbccfd4996cb3dc -> 
  custom:container-muxer-webm: aa71ff27fc2769a1b78a27578f13a17b -> 
  custom:container-demuxer-webm: 4f35f7cbe854078d1ac9338744f61a02 -> 
  custom:container-demuxer-ogg: 62fdf1f143b41e24485cea50d1cbac27 -> 
  custom:video-encoder-webm-vp8: eb34c28f22e8b96e1ab97ce403110664 -> 
  custom:video-decoder-webm-vp8: 9c59270c3fd7afecdb556c50c9e8de78 -> 
  custom:audio-decoder-ogg-vorbis: bf7c407c2cedff20999df2af8eb42d56 -> 
  custom:audio-encoder-webm-vorbis: bf7c407c2cedff20999df2af8eb42d56 -> 
========================================================================
Received Import Request.
  path: Packages/com.unity.xr.legacyinputhelpers/package.json
  artifactKey: Guid(d16ab7e2b2998ad4c9729d86bb9aa666) Importer(815301076,1909f56bfc062723c751e8b465ee728b)
Start importing Packages/com.unity.xr.legacyinputhelpers/package.json using Guid(d16ab7e2b2998ad4c9729d86bb9aa666) Importer(815301076,1909f56bfc062723c751e8b465ee728b)  -> (artifact id: '69f2b23ea1af7a36f43d9288cb050070') in 0.099681 seconds 
  Import took 0.107677 seconds .

========================================================================
Received Import Request.
  Time since last request: 0.000434 seconds.
  path: Packages/com.unity.2d.pixel-perfect/package.json
  artifactKey: Guid(b1c570008ebc15d4183516ca5722a39e) Importer(815301076,1909f56bfc062723c751e8b465ee728b)
Start importing Packages/com.unity.2d.pixel-perfect/package.json using Guid(b1c570008ebc15d4183516ca5722a39e) Importer(815301076,1909f56bfc062723c751e8b465ee728b)  -> (artifact id: '00989447aebaa7f8a44a908d1cabf462') in 0.001913 seconds 
  Import took 0.004446 seconds .

========================================================================
Received Import Request.
  Time since last request: 0.000344 seconds.
  path: Packages/com.unity.cinemachine/package.json
  artifactKey: Guid(7d93e7b7399fbe64790358e67fc94b18) Importer(815301076,1909f56bfc062723c751e8b465ee728b)
Start importing Packages/com.unity.cinemachine/package.json using Guid(7d93e7b7399fbe64790358e67fc94b18) Importer(815301076,1909f56bfc062723c751e8b465ee728b)  -> (artifact id: 'fea7622fb50440d6277e073c42f65d94') in 0.001434 seconds 
  Import took 0.003838 seconds .

========================================================================
Received Import Request.
  Time since last request: 0.000339 seconds.
  path: Packages/com.unity.cinemachine/Editor/com.unity.cinemachine.Editor.asmdef
  artifactKey: Guid(ba8c092d026123a418fb4bfb797a7bd8) Importer(815301076,1909f56bfc062723c751e8b465ee728b)
Start importing Packages/com.unity.cinemachine/Editor/com.unity.cinemachine.Editor.asmdef using Guid(ba8c092d026123a418fb4bfb797a7bd8) Importer(815301076,1909f56bfc062723c751e8b465ee728b)  -> (artifact id: 'e7b43baea216987d7bbc4f7bcfe02014') in 0.003267 seconds 
  Import took 0.005984 seconds .

========================================================================
Received Import Request.
  Time since last request: 0.000391 seconds.
  path: Packages/com.unity.test-framework/package.json
  artifactKey: Guid(d6a2e6e4803de7b43baacdc355fc144d) Importer(815301076,1909f56bfc062723c751e8b465ee728b)
Start importing Packages/com.unity.test-framework/package.json using Guid(d6a2e6e4803de7b43baacdc355fc144d) Importer(815301076,1909f56bfc062723c751e8b465ee728b)  -> (artifact id: '348d0090788821c173ed5a91192d97b9') in 0.019748 seconds 
  Import took 0.022543 seconds .

========================================================================
Received Import Request.
  Time since last request: 0.000395 seconds.
  path: Packages/com.unity.2d.path/package.json
  artifactKey: Guid(990785fe75c54584ab4201a3e20e1655) Importer(815301076,1909f56bfc062723c751e8b465ee728b)
Start importing Packages/com.unity.2d.path/package.json using Guid(990785fe75c54584ab4201a3e20e1655) Importer(815301076,1909f56bfc062723c751e8b465ee728b)  -> (artifact id: 'fe5d99fbc4c8faa1672fe316120be7b3') in 0.008471 seconds 
  Import took 0.011233 seconds .

========================================================================
Received Import Request.
  Time since last request: 0.000416 seconds.
  path: Packages/com.unity.2d.spriteshape/Runtime/Unity.2D.SpriteShape.Runtime.asmdef
  artifactKey: Guid(caccfbdb442cdc64fa722b4c5585521f) Importer(815301076,1909f56bfc062723c751e8b465ee728b)
Start importing Packages/com.unity.2d.spriteshape/Runtime/Unity.2D.SpriteShape.Runtime.asmdef using Guid(caccfbdb442cdc64fa722b4c5585521f) Importer(815301076,1909f56bfc062723c751e8b465ee728b)  -> (artifact id: '6c9ab018814f141d7d791f6f58c34623') in 0.001370 seconds 
  Import took 0.003756 seconds .

========================================================================
Received Import Request.
  Time since last request: 0.000374 seconds.
  path: Packages/com.unity.2d.tilemap/package.json
  artifactKey: Guid(51797d68d3132bb419217a229e09fc47) Importer(815301076,1909f56bfc062723c751e8b465ee728b)
Start importing Packages/com.unity.2d.tilemap/package.json using Guid(51797d68d3132bb419217a229e09fc47) Importer(815301076,1909f56bfc062723c751e8b465ee728b)  -> (artifact id: '22520fb1654722663eb25abdaed23609') in 0.015662 seconds 
  Import took 0.045207 seconds .

========================================================================
Received Import Request.
  Time since last request: 0.000408 seconds.
  path: Packages/com.unity.2d.psdimporter/package.json
  artifactKey: Guid(2f948ecb81c850949a2725b1ba265844) Importer(815301076,1909f56bfc062723c751e8b465ee728b)
Start importing Packages/com.unity.2d.psdimporter/package.json using Guid(2f948ecb81c850949a2725b1ba265844) Importer(815301076,1909f56bfc062723c751e8b465ee728b)  -> (artifact id: '5e35de09a832baf3b93f3ceeec5ce3b9') in 0.013488 seconds 
  Import took 0.016474 seconds .

========================================================================
Received Import Request.
  Time since last request: 0.000406 seconds.
  path: Packages/com.unity.ext.nunit/package.json
  artifactKey: Guid(8143d3a8390f2c64685e3bc272bd9e90) Importer(815301076,1909f56bfc062723c751e8b465ee728b)
Start importing Packages/com.unity.ext.nunit/package.json using Guid(8143d3a8390f2c64685e3bc272bd9e90) Importer(815301076,1909f56bfc062723c751e8b465ee728b)  -> (artifact id: '36f449bd9ed4a92e06d659da724da745') in 0.019479 seconds 
  Import took 0.022449 seconds .

========================================================================
Received Import Request.
  Time since last request: 0.000431 seconds.
  path: Packages/com.unity.cinemachine/Editor
  artifactKey: Guid(d8623b6a09cb5ab4ea2c51347a3a074c) Importer(815301076,1909f56bfc062723c751e8b465ee728b)
Start importing Packages/com.unity.cinemachine/Editor using Guid(d8623b6a09cb5ab4ea2c51347a3a074c) Importer(815301076,1909f56bfc062723c751e8b465ee728b)  -> (artifact id: 'd43be0ab9ecbc6f26572a90fe390167a') in 0.001431 seconds 
  Import took 0.004823 seconds .

========================================================================
Received Import Request.
  Time since last request: 0.000485 seconds.
  path: Packages/com.unity.2d.spriteshape/Editor
  artifactKey: Guid(4103ad8b83780496d93e0fabf89b806e) Importer(815301076,1909f56bfc062723c751e8b465ee728b)
Start importing Packages/com.unity.2d.spriteshape/Editor using Guid(4103ad8b83780496d93e0fabf89b806e) Importer(815301076,1909f56bfc062723c751e8b465ee728b)  -> (artifact id: '677485c5e129a77d2c7e9f5061812f75') in 0.001384 seconds 
  Import took 0.004305 seconds .

========================================================================
Received Import Request.
  Time since last request: 0.000379 seconds.
  path: Packages/com.unity.postprocessing/package.json
  artifactKey: Guid(2705889b3a9580a47b334f039bfdcb00) Importer(815301076,1909f56bfc062723c751e8b465ee728b)
Start importing Packages/com.unity.postprocessing/package.json using Guid(2705889b3a9580a47b334f039bfdcb00) Importer(815301076,1909f56bfc062723c751e8b465ee728b)  -> (artifact id: '13b5eac07f4a192bf033d5b1123218e9') in 0.001613 seconds 
  Import took 0.004152 seconds .

========================================================================
Received Import Request.
  Time since last request: 0.000373 seconds.
  path: Packages/com.unity.cinemachine/Editor/Editors
  artifactKey: Guid(6b46e8ffe448f084ab12938cb774d063) Importer(815301076,1909f56bfc062723c751e8b465ee728b)
Start importing Packages/com.unity.cinemachine/Editor/Editors using Guid(6b46e8ffe448f084ab12938cb774d063) Importer(815301076,1909f56bfc062723c751e8b465ee728b)  -> (artifact id: 'b5b1e18ccd40d250528deed76cba25cc') in 0.001382 seconds 
  Import took 0.003947 seconds .

========================================================================
Received Import Request.
  Time since last request: 0.000349 seconds.
  path: Packages/com.unity.2d.animation/package.json
  artifactKey: Guid(9e83c20a8293f44ec8a375d3805f477d) Importer(815301076,1909f56bfc062723c751e8b465ee728b)
Start importing Packages/com.unity.2d.animation/package.json using Guid(9e83c20a8293f44ec8a375d3805f477d) Importer(815301076,1909f56bfc062723c751e8b465ee728b)  -> (artifact id: '519ad1bf8fe5f847ba8bc5d602dfca65') in 0.024133 seconds 
  Import took 0.027724 seconds .

========================================================================
Received Import Request.
  Time since last request: 0.000415 seconds.
  path: Packages/com.unity.2d.sprite/package.json
  artifactKey: Guid(7dc5f1e5d04ac8549ac21802071e983b) Importer(815301076,1909f56bfc062723c751e8b465ee728b)
Start importing Packages/com.unity.2d.sprite/package.json using Guid(7dc5f1e5d04ac8549ac21802071e983b) Importer(815301076,1909f56bfc062723c751e8b465ee728b)  -> (artifact id: 'ff87128bdf6981a9843158b29f26b2df') in 0.002127 seconds 
  Import took 0.022460 seconds .

========================================================================
Received Import Request.
  Time since last request: 0.000520 seconds.
  path: Packages/com.unity.2d.spriteshape/Editor/Unity.2D.SpriteShape.Editor.asmdef
  artifactKey: Guid(bfbb4a459210651499d21f444f9b55fd) Importer(815301076,1909f56bfc062723c751e8b465ee728b)
Start importing Packages/com.unity.2d.spriteshape/Editor/Unity.2D.SpriteShape.Editor.asmdef using Guid(bfbb4a459210651499d21f444f9b55fd) Importer(815301076,1909f56bfc062723c751e8b465ee728b)  -> (artifact id: 'c7cbf34478d232157b227b7d6ecf2edb') in 0.001570 seconds 
  Import took 0.005116 seconds .

========================================================================
Received Import Request.
  Time since last request: 0.000392 seconds.
  path: Packages/com.unity.xr.legacyinputhelpers
  artifactKey: Guid(9f273d1aeb919930a9018672d8e70f4b) Importer(815301076,1909f56bfc062723c751e8b465ee728b)
Start importing Packages/com.unity.xr.legacyinputhelpers using Guid(9f273d1aeb919930a9018672d8e70f4b) Importer(815301076,1909f56bfc062723c751e8b465ee728b)  -> (artifact id: '3c65148138327169e58be8f5e5528693') in 0.001344 seconds 
  Import took 0.004006 seconds .

========================================================================
Received Import Request.
  Time since last request: 0.000401 seconds.
  path: Packages/com.unity.2d.spriteshape/package.json
  artifactKey: Guid(4eabc3d1ad1424372b03cfc117521e24) Importer(815301076,1909f56bfc062723c751e8b465ee728b)
Start importing Packages/com.unity.2d.spriteshape/package.json using Guid(4eabc3d1ad1424372b03cfc117521e24) Importer(815301076,1909f56bfc062723c751e8b465ee728b)  -> (artifact id: '6a32a22115912010075d4449eaadec43') in 0.014628 seconds 
  Import took 0.017486 seconds .

========================================================================
Received Import Request.
  Time since last request: 72.350301 seconds.
  path: Packages/com.unity.textmeshpro/package.json
  artifactKey: Guid(220e9325710f4235a43492dd1ee4980d) Importer(815301076,1909f56bfc062723c751e8b465ee728b)
Start importing Packages/com.unity.textmeshpro/package.json using Guid(220e9325710f4235a43492dd1ee4980d) Importer(815301076,1909f56bfc062723c751e8b465ee728b)  -> (artifact id: '2c6d4de5db3a39bcb3575c98dc9df750') in 0.026148 seconds 
  Import took 0.030905 seconds .

========================================================================
Received Import Request.
  Time since last request: 1.489728 seconds.
  path: Packages/com.unity.timeline/package.json
  artifactKey: Guid(13a9c1b4df2e489e8eb9cacca7429596) Importer(815301076,1909f56bfc062723c751e8b465ee728b)
Start importing Packages/com.unity.timeline/package.json using Guid(13a9c1b4df2e489e8eb9cacca7429596) Importer(815301076,1909f56bfc062723c751e8b465ee728b)  -> (artifact id: '82c6c08db8f434b9305b26de0687e812') in 0.035987 seconds 
  Import took 0.041089 seconds .

========================================================================
Received Import Request.
  Time since last request: 1.254682 seconds.
  path: Packages/com.unity.collab-proxy/package.json
  artifactKey: Guid(743fda8c4b219c8429fb5a77ede1c879) Importer(815301076,1909f56bfc062723c751e8b465ee728b)
Start importing Packages/com.unity.collab-proxy/package.json using Guid(743fda8c4b219c8429fb5a77ede1c879) Importer(815301076,1909f56bfc062723c751e8b465ee728b)  -> (artifact id: 'e3763271ecccd17d02d139549a016030') in 0.009858 seconds 
  Import took 0.028820 seconds .

========================================================================
Received Import Request.
  Time since last request: 1.244783 seconds.
  path: Packages/com.unity.collab-proxy/Editor
  artifactKey: Guid(3eedd97b804f5a546a8817f8be60e318) Importer(815301076,1909f56bfc062723c751e8b465ee728b)
Start importing Packages/com.unity.collab-proxy/Editor using Guid(3eedd97b804f5a546a8817f8be60e318) Importer(815301076,1909f56bfc062723c751e8b465ee728b)  -> (artifact id: 'ca6aaed99b1088e3ce24e460d63d296f') in 0.002771 seconds 
  Import took 0.007059 seconds .

========================================================================
Received Import Request.
  Time since last request: 0.744537 seconds.
  path: Packages/com.unity.collab-proxy/Editor/PlasticSCM
  artifactKey: Guid(d5ae383aa416ba14e800dff2526122ed) Importer(815301076,1909f56bfc062723c751e8b465ee728b)
Start importing Packages/com.unity.collab-proxy/Editor/PlasticSCM using Guid(d5ae383aa416ba14e800dff2526122ed) Importer(815301076,1909f56bfc062723c751e8b465ee728b)  -> (artifact id: 'f98d653183f890c590e4031a9c318b06') in 0.002782 seconds 
  Import took 0.008015 seconds .

========================================================================
Received Import Request.
  Time since last request: 0.082376 seconds.
  path: Packages/com.unity.collab-proxy/Editor/PlasticSCM/Unity.PlasticSCM.Editor.asmdef
  artifactKey: Guid(4b84427fd7ace4b4cb623ef8a46124ed) Importer(815301076,1909f56bfc062723c751e8b465ee728b)
Start importing Packages/com.unity.collab-proxy/Editor/PlasticSCM/Unity.PlasticSCM.Editor.asmdef using Guid(4b84427fd7ace4b4cb623ef8a46124ed) Importer(815301076,1909f56bfc062723c751e8b465ee728b)  -> (artifact id: '09819c7dd297652e7900e3774dabf30a') in 0.001756 seconds 
  Import took 0.005698 seconds .

========================================================================
Received Import Request.
  Time since last request: 0.564697 seconds.
  path: Packages/com.unity.collab-proxy/Editor/PlasticSCM/AssetMenu
  artifactKey: Guid(d3f8e034331c39c4f823ac31228dc4d9) Importer(815301076,1909f56bfc062723c751e8b465ee728b)
Start importing Packages/com.unity.collab-proxy/Editor/PlasticSCM/AssetMenu using Guid(d3f8e034331c39c4f823ac31228dc4d9) Importer(815301076,1909f56bfc062723c751e8b465ee728b)  -> (artifact id: 'f10ceda561522ffaa434d02100f30143') in 0.002037 seconds 
  Import took 0.006200 seconds .

========================================================================
Received Import Request.
  Time since last request: 0.712302 seconds.
  path: Packages/com.unity.collab-proxy/Editor/PlasticSCM/AssetMenu/Dialogs
  artifactKey: Guid(f5d6c6c129fff0140a040d43aedb9547) Importer(815301076,1909f56bfc062723c751e8b465ee728b)
Start importing Packages/com.unity.collab-proxy/Editor/PlasticSCM/AssetMenu/Dialogs using Guid(f5d6c6c129fff0140a040d43aedb9547) Importer(815301076,1909f56bfc062723c751e8b465ee728b)  -> (artifact id: 'cebc49dcd1fc5b69d9c443f5d0d397ad') in 0.002111 seconds 
  Import took 0.006394 seconds .

========================================================================
Received Import Request.
  Time since last request: 7.600293 seconds.
  path: Packages/com.unity.ide.vscode/package.json
  artifactKey: Guid(ffc6271f08270b64ca0aae9c49235d81) Importer(815301076,1909f56bfc062723c751e8b465ee728b)
Start importing Packages/com.unity.ide.vscode/package.json using Guid(ffc6271f08270b64ca0aae9c49235d81) Importer(815301076,1909f56bfc062723c751e8b465ee728b)  -> (artifact id: '121f7f00aee585d875a77b1339ac65f1') in 0.038555 seconds 
  Import took 0.043607 seconds .

========================================================================
Received Import Request.
  Time since last request: 3.628331 seconds.
  path: Packages/com.unity.2d.common/package.json
  artifactKey: Guid(68f1917ec3cac45b080c26153375c2bb) Importer(815301076,1909f56bfc062723c751e8b465ee728b)
Start importing Packages/com.unity.2d.common/package.json using Guid(68f1917ec3cac45b080c26153375c2bb) Importer(815301076,1909f56bfc062723c751e8b465ee728b)  -> (artifact id: 'bcdb1d9f21cd3ec447b7f1a49f5c4f7c') in 0.027832 seconds 
  Import took 0.031771 seconds .

========================================================================
Received Import Request.
  Time since last request: 2.369059 seconds.
  path: Packages/com.unity.2d.common/Runtime
  artifactKey: Guid(4f5e03422df3a442089f65a1856ece1b) Importer(815301076,1909f56bfc062723c751e8b465ee728b)
Start importing Packages/com.unity.2d.common/Runtime using Guid(4f5e03422df3a442089f65a1856ece1b) Importer(815301076,1909f56bfc062723c751e8b465ee728b)  -> (artifact id: '4a08d3317ac5bf741aed03fd7761643f') in 0.002591 seconds 
  Import took 0.006688 seconds .

========================================================================
Received Import Request.
  Time since last request: 0.088808 seconds.
  path: Packages/com.unity.2d.common/Runtime/Unity.2D.Common.Runtime.asmdef
  artifactKey: Guid(c3352a8bbbe14fb4ab52ae7bfff927ea) Importer(815301076,1909f56bfc062723c751e8b465ee728b)
Start importing Packages/com.unity.2d.common/Runtime/Unity.2D.Common.Runtime.asmdef using Guid(c3352a8bbbe14fb4ab52ae7bfff927ea) Importer(815301076,1909f56bfc062723c751e8b465ee728b)  -> (artifact id: '295da2172701d49abbf26bd067dd3a7a') in 0.001506 seconds 
  Import took 0.004817 seconds .

========================================================================
Received Import Request.
  Time since last request: 1.002004 seconds.
  path: Packages/com.unity.2d.common/Runtime/InternalBridge
  artifactKey: Guid(de9233595819db54faa3b4122efb128c) Importer(815301076,1909f56bfc062723c751e8b465ee728b)
Start importing Packages/com.unity.2d.common/Runtime/InternalBridge using Guid(de9233595819db54faa3b4122efb128c) Importer(815301076,1909f56bfc062723c751e8b465ee728b)  -> (artifact id: '2c1718523ddde18329241fc9c6c472bf') in 0.002763 seconds 
  Import took 0.006848 seconds .

========================================================================
Received Import Request.
  Time since last request: 0.082088 seconds.
  path: Packages/com.unity.2d.common/Runtime/InternalBridge/InternalBridgeDef.asmdef
  artifactKey: Guid(e4b228dab700203488a7c7d474a25838) Importer(815301076,1909f56bfc062723c751e8b465ee728b)
Start importing Packages/com.unity.2d.common/Runtime/InternalBridge/InternalBridgeDef.asmdef using Guid(e4b228dab700203488a7c7d474a25838) Importer(815301076,1909f56bfc062723c751e8b465ee728b)  -> (artifact id: 'b331ee9692314d7e95d287171596872b') in 0.001524 seconds 
  Import took 0.004761 seconds .

========================================================================
Received Import Request.
  Time since last request: 2.534681 seconds.
  path: Packages/com.unity.2d.common/Tests
  artifactKey: Guid(e1b9d7367fd994e26a0a18b0461837b3) Importer(815301076,1909f56bfc062723c751e8b465ee728b)
Start importing Packages/com.unity.2d.common/Tests using Guid(e1b9d7367fd994e26a0a18b0461837b3) Importer(815301076,1909f56bfc062723c751e8b465ee728b)  -> (artifact id: '45bfc34991c9fe93aaeefc04fffeda50') in 0.001863 seconds 
  Import took 0.005629 seconds .

========================================================================
Received Import Request.
  Time since last request: 3.632057 seconds.
  path: Packages/com.unity.2d.common/Tests/Editor
  artifactKey: Guid(2656f45e60a1c4b389f74073613dd37e) Importer(815301076,1909f56bfc062723c751e8b465ee728b)
Start importing Packages/com.unity.2d.common/Tests/Editor using Guid(2656f45e60a1c4b389f74073613dd37e) Importer(815301076,1909f56bfc062723c751e8b465ee728b)  -> (artifact id: 'eab7317c41d00f12226d521d16a41abb') in 0.002648 seconds 
  Import took 0.006466 seconds .

========================================================================
Received Import Request.
  Time since last request: 0.073664 seconds.
  path: Packages/com.unity.2d.common/Tests/Editor/Unity.2D.Common.EditorTests.asmdef
  artifactKey: Guid(03bfc083748b8452197dde3b8ea7fbba) Importer(815301076,1909f56bfc062723c751e8b465ee728b)
Start importing Packages/com.unity.2d.common/Tests/Editor/Unity.2D.Common.EditorTests.asmdef using Guid(03bfc083748b8452197dde3b8ea7fbba) Importer(815301076,1909f56bfc062723c751e8b465ee728b)  -> (artifact id: '8d7061c08f2ae0af0b90c324d668ed26') in 0.001751 seconds 
  Import took 0.004835 seconds .

========================================================================
Received Import Request.
  Time since last request: 1.730454 seconds.
  path: Packages/com.unity.2d.common/Editor
  artifactKey: Guid(f07558e3f18214421b184e32d188624c) Importer(815301076,1909f56bfc062723c751e8b465ee728b)
Start importing Packages/com.unity.2d.common/Editor using Guid(f07558e3f18214421b184e32d188624c) Importer(815301076,1909f56bfc062723c751e8b465ee728b)  -> (artifact id: 'c88a85b9751af79a2c283164933bbbbb') in 0.002996 seconds 
  Import took 0.007594 seconds .

========================================================================
Received Import Request.
  Time since last request: 0.071896 seconds.
  path: Packages/com.unity.2d.common/Editor/Unity.2D.Common.Editor.asmdef
  artifactKey: Guid(bd2461be96e5f744bbe6bdbc5276eb61) Importer(815301076,1909f56bfc062723c751e8b465ee728b)
Start importing Packages/com.unity.2d.common/Editor/Unity.2D.Common.Editor.asmdef using Guid(bd2461be96e5f744bbe6bdbc5276eb61) Importer(815301076,1909f56bfc062723c751e8b465ee728b)  -> (artifact id: 'cf59224467bb64b2b2dc3614b18f85f0') in 0.001459 seconds 
  Import took 0.004678 seconds .

========================================================================
Received Import Request.
  Time since last request: 0.663878 seconds.
  path: Packages/com.unity.2d.common/Editor/ImagePacker
  artifactKey: Guid(534fa0647f988416eafbba143e1ff174) Importer(815301076,1909f56bfc062723c751e8b465ee728b)
Start importing Packages/com.unity.2d.common/Editor/ImagePacker using Guid(534fa0647f988416eafbba143e1ff174) Importer(815301076,1909f56bfc062723c751e8b465ee728b)  -> (artifact id: '50848c96e3aaab956f0e295b0566da3e') in 0.002175 seconds 
  Import took 0.006438 seconds .

========================================================================
Received Import Request.
  Time since last request: 0.693054 seconds.
  path: Packages/com.unity.2d.common/Editor/ImagePacker/Jobs
  artifactKey: Guid(55c552c82618a429ebc328c8ba27b416) Importer(815301076,1909f56bfc062723c751e8b465ee728b)
Start importing Packages/com.unity.2d.common/Editor/ImagePacker/Jobs using Guid(55c552c82618a429ebc328c8ba27b416) Importer(815301076,1909f56bfc062723c751e8b465ee728b)  -> (artifact id: '01c676e860715686898da8a1fb779856') in 0.002501 seconds 
  Import took 0.007837 seconds .

========================================================================
Received Import Request.
  Time since last request: 2.586228 seconds.
  path: Packages/com.unity.2d.common/Editor/InternalBridge
  artifactKey: Guid(d59d6a57d3f6f4f17bbf31e5a13966e8) Importer(815301076,1909f56bfc062723c751e8b465ee728b)
Start importing Packages/com.unity.2d.common/Editor/InternalBridge using Guid(d59d6a57d3f6f4f17bbf31e5a13966e8) Importer(815301076,1909f56bfc062723c751e8b465ee728b)  -> (artifact id: 'd809625ab0f83c5b202fc121d3ad24fc') in 0.002176 seconds 
  Import took 0.006175 seconds .

========================================================================
Received Import Request.
  Time since last request: 0.073078 seconds.
  path: Packages/com.unity.2d.common/Editor/InternalBridge/InternalBridgeDef.asmdef
  artifactKey: Guid(ce6baade223984afda3f24c7fca12584) Importer(815301076,1909f56bfc062723c751e8b465ee728b)
Start importing Packages/com.unity.2d.common/Editor/InternalBridge/InternalBridgeDef.asmdef using Guid(ce6baade223984afda3f24c7fca12584) Importer(815301076,1909f56bfc062723c751e8b465ee728b)  -> (artifact id: 'e57752e0dc04d4cefc18d8ee5d6fa6dd') in 0.001427 seconds 
  Import took 0.004573 seconds .

========================================================================
Received Import Request.
  Time since last request: 1.081832 seconds.
  path: Packages/com.unity.2d.common/Editor/InternalBridge/TexturePlatformSettings
  artifactKey: Guid(70da7ad3ab314734aa8f83d71bf115e7) Importer(815301076,1909f56bfc062723c751e8b465ee728b)
Start importing Packages/com.unity.2d.common/Editor/InternalBridge/TexturePlatformSettings using Guid(70da7ad3ab314734aa8f83d71bf115e7) Importer(815301076,1909f56bfc062723c751e8b465ee728b)  -> (artifact id: '1cb2f05c3bcef1e6a7fc8d9e71381e9e') in 0.002602 seconds 
  Import took 0.006602 seconds .

========================================================================
Received Import Request.
  Time since last request: 2.669757 seconds.
  path: Packages/com.unity.2d.common/Editor/TextureGenerator
  artifactKey: Guid(f190f89354fdfb5479d5f291d8cb8182) Importer(815301076,1909f56bfc062723c751e8b465ee728b)
Start importing Packages/com.unity.2d.common/Editor/TextureGenerator using Guid(f190f89354fdfb5479d5f291d8cb8182) Importer(815301076,1909f56bfc062723c751e8b465ee728b)  -> (artifact id: '530b831532b19c91fd2fe928d50812ed') in 0.002505 seconds 
  Import took 0.006505 seconds .

========================================================================
Received Import Request.
  Time since last request: 5.261483 seconds.
  path: Packages/com.unity.2d.path/Editor/Unity.2D.Path.Editor.asmdef
  artifactKey: Guid(4237adb6ac177124b8f4a94835b7b455) Importer(815301076,1909f56bfc062723c751e8b465ee728b)
Start importing Packages/com.unity.2d.path/Editor/Unity.2D.Path.Editor.asmdef using Guid(4237adb6ac177124b8f4a94835b7b455) Importer(815301076,1909f56bfc062723c751e8b465ee728b)  -> (artifact id: '0a15ac9b46b3076c060e3d74b80f3114') in 0.001813 seconds 
  Import took 0.005414 seconds .

========================================================================
Received Import Request.
  Time since last request: 3.951457 seconds.
  path: Packages/com.unity.2d.path/Editor/EditablePath
  artifactKey: Guid(c69472069f4ff5e4b9db75c91210288f) Importer(815301076,1909f56bfc062723c751e8b465ee728b)
Start importing Packages/com.unity.2d.path/Editor/EditablePath using Guid(c69472069f4ff5e4b9db75c91210288f) Importer(815301076,1909f56bfc062723c751e8b465ee728b)  -> (artifact id: 'e969d1bcdac85698ac143a286ad3a185') in 0.002749 seconds 
  Import took 0.022736 seconds .

========================================================================
Received Import Request.
  Time since last request: 1.580005 seconds.
  path: Packages/com.unity.2d.path/Editor/EditorTool
  artifactKey: Guid(47fb61e2873922c4893faa7eff277f25) Importer(815301076,1909f56bfc062723c751e8b465ee728b)
Start importing Packages/com.unity.2d.path/Editor/EditorTool using Guid(47fb61e2873922c4893faa7eff277f25) Importer(815301076,1909f56bfc062723c751e8b465ee728b)  -> (artifact id: 'a42e5f952eccda1b1058111a47aae6ff') in 0.002764 seconds 
  Import took 0.007709 seconds .

========================================================================
Received Import Request.
  Time since last request: 1.143265 seconds.
  path: Packages/com.unity.2d.path/Editor/Handles
  artifactKey: Guid(ef3a2c79978afd74ebaa435c12615c7c) Importer(815301076,1909f56bfc062723c751e8b465ee728b)
Start importing Packages/com.unity.2d.path/Editor/Handles using Guid(ef3a2c79978afd74ebaa435c12615c7c) Importer(815301076,1909f56bfc062723c751e8b465ee728b)  -> (artifact id: '27b41a71f8c00cfa4e46552a028cb2ce') in 0.003271 seconds 
  Import took 0.007836 seconds .

========================================================================
Received Import Request.
  Time since last request: 0.149697 seconds.
  path: Packages/com.unity.2d.path/Editor/Handles/ShapeTool.png
  artifactKey: Guid(0601759dc49769849996e4dae10a2204) Importer(815301076,1909f56bfc062723c751e8b465ee728b)
Start importing Packages/com.unity.2d.path/Editor/Handles/ShapeTool.png using Guid(0601759dc49769849996e4dae10a2204) Importer(815301076,1909f56bfc062723c751e8b465ee728b)  -> (artifact id: '7a728557f9aa879689d4761791e0464a') in 0.750272 seconds 
  Import took 0.773321 seconds .

========================================================================
Received Import Request.
  Time since last request: 0.001127 seconds.
  path: Packages/com.unity.2d.path/Editor/Handles/TangentContinuousPro.png
  artifactKey: Guid(8d4a2ded892e27742bb6d4d263639dff) Importer(815301076,1909f56bfc062723c751e8b465ee728b)
Start importing Packages/com.unity.2d.path/Editor/Handles/TangentContinuousPro.png using Guid(8d4a2ded892e27742bb6d4d263639dff) Importer(815301076,1909f56bfc062723c751e8b465ee728b)  -> (artifact id: 'eaef17e51301f07ef7fb30940787e9b7') in 0.028449 seconds 
  Import took 0.036839 seconds .

========================================================================
Received Import Request.
  Time since last request: 0.000345 seconds.
  path: Packages/com.unity.2d.path/Editor/Handles/TangentBrokenPro.png
  artifactKey: Guid(3f0215e89d05b544d907d3a7d34fab63) Importer(815301076,1909f56bfc062723c751e8b465ee728b)
Start importing Packages/com.unity.2d.path/Editor/Handles/TangentBrokenPro.png using Guid(3f0215e89d05b544d907d3a7d34fab63) Importer(815301076,1909f56bfc062723c751e8b465ee728b)  -> (artifact id: 'c94d09f71837ba6bea1b70d676706f55') in 0.017983 seconds 
  Import took 0.022225 seconds .

========================================================================
Received Import Request.
  Time since last request: 0.000398 seconds.
  path: Packages/com.unity.2d.path/Editor/Handles/TangentLinearPro.png
  artifactKey: Guid(cafc16189f045f445bad6f5eb9e13541) Importer(815301076,1909f56bfc062723c751e8b465ee728b)
Start importing Packages/com.unity.2d.path/Editor/Handles/TangentLinearPro.png using Guid(cafc16189f045f445bad6f5eb9e13541) Importer(815301076,1909f56bfc062723c751e8b465ee728b)  -> (artifact id: '8cd57e6bfaec6a3daea18c2affb73951') in 0.023929 seconds 
  Import took 0.027838 seconds .

========================================================================
Received Import Request.
  Time since last request: 0.000539 seconds.
  path: Packages/com.unity.2d.path/Editor/Handles/ShapeToolPro.png
  artifactKey: Guid(20ac412813dce2241a95fcf2dad05436) Importer(815301076,1909f56bfc062723c751e8b465ee728b)
Start importing Packages/com.unity.2d.path/Editor/Handles/ShapeToolPro.png using Guid(20ac412813dce2241a95fcf2dad05436) Importer(815301076,1909f56bfc062723c751e8b465ee728b)  -> (artifact id: '1a6b51dd990e288a8fcd96b5f2b27ef1') in 0.016942 seconds 
  Import took 0.021173 seconds .

========================================================================
Received Import Request.
  Time since last request: 0.000364 seconds.
  path: Packages/com.unity.2d.path/Editor/Handles/TangentLinear.png
  artifactKey: Guid(a728d9332cba5f448a36350199dc573b) Importer(815301076,1909f56bfc062723c751e8b465ee728b)
Start importing Packages/com.unity.2d.path/Editor/Handles/TangentLinear.png using Guid(a728d9332cba5f448a36350199dc573b) Importer(815301076,1909f56bfc062723c751e8b465ee728b)  -> (artifact id: 'b7635281fb3fa89c6bff7d44a6a663a7') in 0.038397 seconds 
  Import took 0.041594 seconds .

========================================================================
Received Import Request.
  Time since last request: 0.000363 seconds.
  path: Packages/com.unity.2d.path/Editor/Handles/TangentBroken.png
  artifactKey: Guid(b370d25fdf6f8914287e27c0c3dede6a) Importer(815301076,1909f56bfc062723c751e8b465ee728b)
Start importing Packages/com.unity.2d.path/Editor/Handles/TangentBroken.png using Guid(b370d25fdf6f8914287e27c0c3dede6a) Importer(815301076,1909f56bfc062723c751e8b465ee728b)  -> (artifact id: 'f6e4d2e0ff06304b4e66e29979edda9b') in 0.023725 seconds 
  Import took 0.026767 seconds .

========================================================================
Received Import Request.
  Time since last request: 0.000367 seconds.
  path: Packages/com.unity.2d.path/Editor/Handles/TangentContinuous.png
  artifactKey: Guid(229e750703f3e824ca71ddd16a5e36be) Importer(815301076,1909f56bfc062723c751e8b465ee728b)
Start importing Packages/com.unity.2d.path/Editor/Handles/TangentContinuous.png using Guid(229e750703f3e824ca71ddd16a5e36be) Importer(815301076,1909f56bfc062723c751e8b465ee728b)  -> (artifact id: '94fdb32c5eb279fe57cb83f1f983350b') in 0.019587 seconds 
  Import took 0.023045 seconds .

========================================================================
Received Import Request.
  Time since last request: 1.006766 seconds.
  path: Packages/com.unity.2d.path/Editor/Handles/Path
  artifactKey: Guid(cbe8f28ead47977409438cd59447d211) Importer(815301076,1909f56bfc062723c751e8b465ee728b)
Start importing Packages/com.unity.2d.path/Editor/Handles/Path using Guid(cbe8f28ead47977409438cd59447d211) Importer(815301076,1909f56bfc062723c751e8b465ee728b)  -> (artifact id: '94f0513a15f4170840a410e1f0d7270a') in 0.002021 seconds 
  Import took 0.005979 seconds .

========================================================================
Received Import Request.
  Time since last request: 0.076064 seconds.
  path: Packages/com.unity.2d.path/Editor/Handles/Path/pointHovered.png
  artifactKey: Guid(eaa90b7bb801a1144b58c4926d95ad6a) Importer(815301076,1909f56bfc062723c751e8b465ee728b)
Start importing Packages/com.unity.2d.path/Editor/Handles/Path/pointHovered.png using Guid(eaa90b7bb801a1144b58c4926d95ad6a) Importer(815301076,1909f56bfc062723c751e8b465ee728b)  -> (artifact id: 'df2f92307f4f00c7526b94e77df77b91') in 0.021240 seconds 
  Import took 0.024808 seconds .

========================================================================
Received Import Request.
  Time since last request: 0.000395 seconds.
  path: Packages/com.unity.2d.path/Editor/Handles/Path/pointPreview.png
  artifactKey: Guid(1d3a30b709ec7b94ab8997b21eae5849) Importer(815301076,1909f56bfc062723c751e8b465ee728b)
Start importing Packages/com.unity.2d.path/Editor/Handles/Path/pointPreview.png using Guid(1d3a30b709ec7b94ab8997b21eae5849) Importer(815301076,1909f56bfc062723c751e8b465ee728b)  -> (artifact id: '34f7c64ac982ed815b53def2458bfeb3') in 0.021133 seconds 
  Import took 0.048066 seconds .

========================================================================
Received Import Request.
  Time since last request: 0.000352 seconds.
  path: Packages/com.unity.2d.path/Editor/Handles/Path/pointSelected.png
  artifactKey: Guid(9becc394fda44db46ad1fbff4a9cfdcb) Importer(815301076,1909f56bfc062723c751e8b465ee728b)
Start importing Packages/com.unity.2d.path/Editor/Handles/Path/pointSelected.png using Guid(9becc394fda44db46ad1fbff4a9cfdcb) Importer(815301076,1909f56bfc062723c751e8b465ee728b)  -> (artifact id: '69f67091615928388cddfaaafcf4b6b8') in 0.015462 seconds 
  Import took 0.018591 seconds .

========================================================================
Received Import Request.
  Time since last request: 0.000388 seconds.
  path: Packages/com.unity.2d.path/Editor/Handles/Path/tangentNormal.png
  artifactKey: Guid(0ece669b27aea44439cadb539418c627) Importer(815301076,1909f56bfc062723c751e8b465ee728b)
Start importing Packages/com.unity.2d.path/Editor/Handles/Path/tangentNormal.png using Guid(0ece669b27aea44439cadb539418c627) Importer(815301076,1909f56bfc062723c751e8b465ee728b)  -> (artifact id: 'fad85276559a6b51c072f5da52e76082') in 0.027654 seconds 
  Import took 0.030824 seconds .

========================================================================
Received Import Request.
  Time since last request: 0.000411 seconds.
  path: Packages/com.unity.2d.path/Editor/Handles/Path/pointNormal.png
  artifactKey: Guid(514bcbaba91a4704599b5b170200682a) Importer(815301076,1909f56bfc062723c751e8b465ee728b)
Start importing Packages/com.unity.2d.path/Editor/Handles/Path/pointNormal.png using Guid(514bcbaba91a4704599b5b170200682a) Importer(815301076,1909f56bfc062723c751e8b465ee728b)  -> (artifact id: '58653c8165185c47a79341832379cadc') in 0.012077 seconds 
  Import took 0.015552 seconds .

========================================================================
Received Import Request.
  Time since last request: 3.538701 seconds.
  path: Packages/com.unity.2d.path/Editor/IMGUI
  artifactKey: Guid(66ae7362289f12c4d8da3f9f04cf4984) Importer(815301076,1909f56bfc062723c751e8b465ee728b)
Start importing Packages/com.unity.2d.path/Editor/IMGUI using Guid(66ae7362289f12c4d8da3f9f04cf4984) Importer(815301076,1909f56bfc062723c751e8b465ee728b)  -> (artifact id: '237bd04de518ec4b445e4c4e71da3b2a') in 0.001828 seconds 
  Import took 0.005397 seconds .

========================================================================
Received Import Request.
  Time since last request: 0.933233 seconds.
  path: Packages/com.unity.2d.path/Editor/IMGUI/GUIFramework
  artifactKey: Guid(33e44f9d4edce8344a708573c37ebe4a) Importer(815301076,1909f56bfc062723c751e8b465ee728b)
Start importing Packages/com.unity.2d.path/Editor/IMGUI/GUIFramework using Guid(33e44f9d4edce8344a708573c37ebe4a) Importer(815301076,1909f56bfc062723c751e8b465ee728b)  -> (artifact id: 'd82fcca7841c9704c33b34dc5269d926') in 0.001781 seconds 
  Import took 0.005227 seconds .

========================================================================
Received Import Request.
  Time since last request: 1.627297 seconds.
  path: Packages/com.unity.2d.path/Editor/Selection
  artifactKey: Guid(e0614749a5c834c4eb996eeca8643b5e) Importer(815301076,1909f56bfc062723c751e8b465ee728b)
Start importing Packages/com.unity.2d.path/Editor/Selection using Guid(e0614749a5c834c4eb996eeca8643b5e) Importer(815301076,1909f56bfc062723c751e8b465ee728b)  -> (artifact id: 'e1c6157cb96760a324b152307fbf4204') in 0.002600 seconds 
  Import took 0.006682 seconds .

========================================================================
Received Import Request.
  Time since last request: 2.241045 seconds.
  path: Packages/com.unity.2d.path/Tests
  artifactKey: Guid(a1eb330a613ceea45af21585e08fd0bd) Importer(815301076,1909f56bfc062723c751e8b465ee728b)
Start importing Packages/com.unity.2d.path/Tests using Guid(a1eb330a613ceea45af21585e08fd0bd) Importer(815301076,1909f56bfc062723c751e8b465ee728b)  -> (artifact id: 'd3bdebf654378740f1fa28098cf1f106') in 0.002090 seconds 
  Import took 0.006223 seconds .

========================================================================
Received Import Request.
  Time since last request: 0.079794 seconds.
  path: Packages/com.unity.2d.path/Tests/Unity.2D.Path.Tests.asmdef
  artifactKey: Guid(6d12c3e51f4c89149908f5b37ad1301c) Importer(815301076,1909f56bfc062723c751e8b465ee728b)
Start importing Packages/com.unity.2d.path/Tests/Unity.2D.Path.Tests.asmdef using Guid(6d12c3e51f4c89149908f5b37ad1301c) Importer(815301076,1909f56bfc062723c751e8b465ee728b)  -> (artifact id: 'aee419563edf3a7007a53e213421b7e0') in 0.001532 seconds 
  Import took 0.004865 seconds .

========================================================================
Received Import Request.
  Time since last request: 293.450463 seconds.
  path: Packages/com.unity.2d.path/Editor/Shapes
  artifactKey: Guid(4334e2aedb1fa4848b2c1503ffe7578f) Importer(815301076,1909f56bfc062723c751e8b465ee728b)
Start importing Packages/com.unity.2d.path/Editor/Shapes using Guid(4334e2aedb1fa4848b2c1503ffe7578f) Importer(815301076,1909f56bfc062723c751e8b465ee728b)  -> (artifact id: '3eb0f0998174732804076a6292b34fd0') in 0.002871 seconds 
  Import took 0.007436 seconds .

========================================================================
Received Import Request.
  Time since last request: 4.638160 seconds.
  path: Packages/com.unity.2d.pixel-perfect/Runtime
  artifactKey: Guid(86336a55e7547dc488e6f36257a6f183) Importer(815301076,1909f56bfc062723c751e8b465ee728b)
Start importing Packages/com.unity.2d.pixel-perfect/Runtime using Guid(86336a55e7547dc488e6f36257a6f183) Importer(815301076,1909f56bfc062723c751e8b465ee728b)  -> (artifact id: '2aef5b1628bbfa4120c9df1a81f3c9f1') in 0.002766 seconds 
  Import took 0.007217 seconds .

========================================================================
Received Import Request.
  Time since last request: 0.113941 seconds.
  path: Packages/com.unity.2d.pixel-perfect/Runtime/Unity.2D.PixelPerfect.asmdef
  artifactKey: Guid(476f7c6c6dfeed041b063446a926e656) Importer(815301076,1909f56bfc062723c751e8b465ee728b)
Start importing Packages/com.unity.2d.pixel-perfect/Runtime/Unity.2D.PixelPerfect.asmdef using Guid(476f7c6c6dfeed041b063446a926e656) Importer(815301076,1909f56bfc062723c751e8b465ee728b)  -> (artifact id: 'ef88c378e3c979f6beb330662a09791e') in 0.001769 seconds 
  Import took 0.005491 seconds .

========================================================================
Received Import Request.
  Time since last request: 1.534441 seconds.
  path: Packages/com.unity.2d.pixel-perfect/Tests
  artifactKey: Guid(a1d7068dd95acae4982f310c40f16a20) Importer(815301076,1909f56bfc062723c751e8b465ee728b)
Start importing Packages/com.unity.2d.pixel-perfect/Tests using Guid(a1d7068dd95acae4982f310c40f16a20) Importer(815301076,1909f56bfc062723c751e8b465ee728b)  -> (artifact id: '21428f51455b9783124cfa5311766828') in 0.001381 seconds 
  Import took 0.021148 seconds .

========================================================================
Received Import Request.
  Time since last request: 1.112676 seconds.
  path: Packages/com.unity.2d.pixel-perfect/Editor
  artifactKey: Guid(4bbae1155d5b2384d81c76c1973fa104) Importer(815301076,1909f56bfc062723c751e8b465ee728b)
Start importing Packages/com.unity.2d.pixel-perfect/Editor using Guid(4bbae1155d5b2384d81c76c1973fa104) Importer(815301076,1909f56bfc062723c751e8b465ee728b)  -> (artifact id: '2cc7acb2316fea0010b4d9c28da07bfa') in 0.002564 seconds 
  Import took 0.006757 seconds .

========================================================================
Received Import Request.
  Time since last request: 0.074966 seconds.
  path: Packages/com.unity.2d.pixel-perfect/Editor/Unity.2D.PixelPerfect.Editor.asmdef
  artifactKey: Guid(2543b18169f9e4044a266a0bf35fe4cf) Importer(815301076,1909f56bfc062723c751e8b465ee728b)
Start importing Packages/com.unity.2d.pixel-perfect/Editor/Unity.2D.PixelPerfect.Editor.asmdef using Guid(2543b18169f9e4044a266a0bf35fe4cf) Importer(815301076,1909f56bfc062723c751e8b465ee728b)  -> (artifact id: 'd2d9dead1b1859d709df47311b1ed7b9') in 0.001498 seconds 
  Import took 0.018820 seconds .

========================================================================
Received Import Request.
  Time since last request: 0.971781 seconds.
  path: Packages/com.unity.2d.pixel-perfect/Editor/Icons
  artifactKey: Guid(dfe2a4f79c965244c8f5deebb228bbbe) Importer(815301076,1909f56bfc062723c751e8b465ee728b)
Start importing Packages/com.unity.2d.pixel-perfect/Editor/Icons using Guid(dfe2a4f79c965244c8f5deebb228bbbe) Importer(815301076,1909f56bfc062723c751e8b465ee728b)  -> (artifact id: 'b6b69e88bb5a3dc71e1ed073ab5360a7') in 0.002376 seconds 
  Import took 0.006400 seconds .

========================================================================
Received Import Request.
  Time since last request: 0.070795 seconds.
  path: Packages/com.unity.2d.pixel-perfect/Editor/Icons/Cinemachine.png
  artifactKey: Guid(8dafc8bde78edde44bf6e6aab96eb100) Importer(815301076,1909f56bfc062723c751e8b465ee728b)
Start importing Packages/com.unity.2d.pixel-perfect/Editor/Icons/Cinemachine.png using Guid(8dafc8bde78edde44bf6e6aab96eb100) Importer(815301076,1909f56bfc062723c751e8b465ee728b)  -> (artifact id: 'd62ddb27bc4b4a3692294f0b67cdf723') in 0.009036 seconds 
  Import took 0.012576 seconds .

========================================================================
Received Import Request.
  Time since last request: 0.000386 seconds.
  path: Packages/com.unity.2d.pixel-perfect/Editor/Icons/PixelPerfectCamera.png
  artifactKey: Guid(08a04b12dd0d5ec4da08f074806d5bf7) Importer(815301076,1909f56bfc062723c751e8b465ee728b)
Start importing Packages/com.unity.2d.pixel-perfect/Editor/Icons/PixelPerfectCamera.png using Guid(08a04b12dd0d5ec4da08f074806d5bf7) Importer(815301076,1909f56bfc062723c751e8b465ee728b)  -> (artifact id: '1d35e8374be43b581b9e8008e8521f74') in 0.005500 seconds 
  Import took 0.008408 seconds .

========================================================================
Received Import Request.
  Time since last request: 1.545398 seconds.
  path: Packages/com.unity.2d.pixel-perfect/Editor/ObjectMenuCreation
  artifactKey: Guid(686a68bbb8472457a8f0f3615966c5df) Importer(815301076,1909f56bfc062723c751e8b465ee728b)
Start importing Packages/com.unity.2d.pixel-perfect/Editor/ObjectMenuCreation using Guid(686a68bbb8472457a8f0f3615966c5df) Importer(815301076,1909f56bfc062723c751e8b465ee728b)  -> (artifact id: '55568b06a66037daab9b2771ec391f34') in 0.001917 seconds 
  Import took 0.006375 seconds .

========================================================================
Received Import Request.
  Time since last request: 3.027003 seconds.
  path: Packages/com.unity.2d.psdimporter/Tests
  artifactKey: Guid(ef286a7cdaafc8141b7eaa37314b76cf) Importer(815301076,1909f56bfc062723c751e8b465ee728b)
Start importing Packages/com.unity.2d.psdimporter/Tests using Guid(ef286a7cdaafc8141b7eaa37314b76cf) Importer(815301076,1909f56bfc062723c751e8b465ee728b)  -> (artifact id: '72151529d478c63b3e45132cfe39b17c') in 0.001637 seconds 
  Import took 0.005265 seconds .

========================================================================
Received Import Request.
  Time since last request: 1.081117 seconds.
  path: Packages/com.unity.2d.psdimporter/Editor
  artifactKey: Guid(23888dc58bcb0814389c9fd915521b77) Importer(815301076,1909f56bfc062723c751e8b465ee728b)
Start importing Packages/com.unity.2d.psdimporter/Editor using Guid(23888dc58bcb0814389c9fd915521b77) Importer(815301076,1909f56bfc062723c751e8b465ee728b)  -> (artifact id: '7a2c0d38025b9ee864ccc549afd2eab3') in 0.002118 seconds 
  Import took 0.006736 seconds .

========================================================================
Received Import Request.
  Time since last request: 0.076702 seconds.
  path: Packages/com.unity.2d.psdimporter/Editor/Unity.2D.Psdimporter.Editor.asmdef
  artifactKey: Guid(bcb706ca0f6dd48449aa27a93faa899c) Importer(815301076,1909f56bfc062723c751e8b465ee728b)
Start importing Packages/com.unity.2d.psdimporter/Editor/Unity.2D.Psdimporter.Editor.asmdef using Guid(bcb706ca0f6dd48449aa27a93faa899c) Importer(815301076,1909f56bfc062723c751e8b465ee728b)  -> (artifact id: 'a3d0e6289ec67872ae438a532da760e8') in 0.001514 seconds 
  Import took 0.005546 seconds .

========================================================================
Received Import Request.
  Time since last request: 1.059492 seconds.
  path: Packages/com.unity.2d.psdimporter/Editor/PSDPlugin
  artifactKey: Guid(c21e2663cf9e69a40b8ac0838a3f9ae1) Importer(815301076,1909f56bfc062723c751e8b465ee728b)
Start importing Packages/com.unity.2d.psdimporter/Editor/PSDPlugin using Guid(c21e2663cf9e69a40b8ac0838a3f9ae1) Importer(815301076,1909f56bfc062723c751e8b465ee728b)  -> (artifact id: '7a9978b1a99b836981a694c17e754835') in 0.001775 seconds 
  Import took 0.006445 seconds .

========================================================================
Received Import Request.
  Time since last request: 0.069914 seconds.
  path: Packages/com.unity.2d.psdimporter/Editor/PSDPlugin/PsdPlugin.asmdef
  artifactKey: Guid(73a61a380edacb34795f31a3ec21c2ef) Importer(815301076,1909f56bfc062723c751e8b465ee728b)
Start importing Packages/com.unity.2d.psdimporter/Editor/PSDPlugin/PsdPlugin.asmdef using Guid(73a61a380edacb34795f31a3ec21c2ef) Importer(815301076,1909f56bfc062723c751e8b465ee728b)  -> (artifact id: 'f4c3ff3d82941376f908068334a0fcf4') in 0.001505 seconds 
  Import took 0.004817 seconds .

========================================================================
Received Import Request.
  Time since last request: 0.469889 seconds.
  path: Packages/com.unity.2d.psdimporter/Editor/PSDPlugin/PhotoShopFileType
  artifactKey: Guid(36a1cbeb5badf2a4abdcb1dcefa0efb6) Importer(815301076,1909f56bfc062723c751e8b465ee728b)
Start importing Packages/com.unity.2d.psdimporter/Editor/PSDPlugin/PhotoShopFileType using Guid(36a1cbeb5badf2a4abdcb1dcefa0efb6) Importer(815301076,1909f56bfc062723c751e8b465ee728b)  -> (artifact id: 'a86ef139e83c9de76563e2b068220950') in 0.002612 seconds 
  Import took 0.007055 seconds .

========================================================================
Received Import Request.
  Time since last request: 0.555746 seconds.
  path: Packages/com.unity.2d.psdimporter/Editor/PSDPlugin/PDNWrapper
  artifactKey: Guid(9fcfe7284d9f34b4eae286b83227271d) Importer(815301076,1909f56bfc062723c751e8b465ee728b)
Start importing Packages/com.unity.2d.psdimporter/Editor/PSDPlugin/PDNWrapper using Guid(9fcfe7284d9f34b4eae286b83227271d) Importer(815301076,1909f56bfc062723c751e8b465ee728b)  -> (artifact id: 'da2d2fc44f2b978590435b9dcacd55af') in 0.001831 seconds 
  Import took 0.005557 seconds .

========================================================================
Received Import Request.
  Time since last request: 1.984002 seconds.
  path: Packages/com.unity.2d.psdimporter/Editor/PSDPlugin/PsdFile
  artifactKey: Guid(e59e9fe7abf273d468dc9e55f8a8acaa) Importer(815301076,1909f56bfc062723c751e8b465ee728b)
Start importing Packages/com.unity.2d.psdimporter/Editor/PSDPlugin/PsdFile using Guid(e59e9fe7abf273d468dc9e55f8a8acaa) Importer(815301076,1909f56bfc062723c751e8b465ee728b)  -> (artifact id: '20fbe56c6c665bfac8d7251ca017312e') in 0.002202 seconds 
  Import took 0.006161 seconds .

========================================================================
Received Import Request.
  Time since last request: 1.756307 seconds.
  path: Packages/com.unity.2d.psdimporter/Editor/PSDPlugin/PsdFile/Compression
  artifactKey: Guid(cea9a02ce8d970946b9534af754bfda1) Importer(815301076,1909f56bfc062723c751e8b465ee728b)
Start importing Packages/com.unity.2d.psdimporter/Editor/PSDPlugin/PsdFile/Compression using Guid(cea9a02ce8d970946b9534af754bfda1) Importer(815301076,1909f56bfc062723c751e8b465ee728b)  -> (artifact id: '87bbfa75d04bbc2694f08086630a29e1') in 0.002791 seconds 
  Import took 0.007450 seconds .

========================================================================
Received Import Request.
  Time since last request: 8.840352 seconds.
  path: Packages/com.unity.2d.tilemap/Tests
  artifactKey: Guid(2bfef0473016eee4fa9d9bd505a1edd5) Importer(815301076,1909f56bfc062723c751e8b465ee728b)
Start importing Packages/com.unity.2d.tilemap/Tests using Guid(2bfef0473016eee4fa9d9bd505a1edd5) Importer(815301076,1909f56bfc062723c751e8b465ee728b)  -> (artifact id: '6c5d461ee8361db620a6b13db96eec3c') in 0.002267 seconds 
  Import took 0.007800 seconds .

========================================================================
Received Import Request.
  Time since last request: 0.558476 seconds.
  path: Packages/com.unity.2d.tilemap/Tests/Editor
  artifactKey: Guid(62324ebe9a53d9a43b04f4b0e9b961a0) Importer(815301076,1909f56bfc062723c751e8b465ee728b)
Start importing Packages/com.unity.2d.tilemap/Tests/Editor using Guid(62324ebe9a53d9a43b04f4b0e9b961a0) Importer(815301076,1909f56bfc062723c751e8b465ee728b)  -> (artifact id: 'b0dec97b736565130290e99a4015fc5d') in 0.001957 seconds 
  Import took 0.006106 seconds .

========================================================================
Received Import Request.
  Time since last request: 0.073640 seconds.
  path: Packages/com.unity.2d.tilemap/Tests/Editor/Unity.2D.Tilemap.Package.EditorTests.asmdef
  artifactKey: Guid(8ce1fc14411aade4b81c0e6dd86950be) Importer(815301076,1909f56bfc062723c751e8b465ee728b)
Start importing Packages/com.unity.2d.tilemap/Tests/Editor/Unity.2D.Tilemap.Package.EditorTests.asmdef using Guid(8ce1fc14411aade4b81c0e6dd86950be) Importer(815301076,1909f56bfc062723c751e8b465ee728b)  -> (artifact id: '78213f6618c8e43caf81961ce867c44f') in 0.001491 seconds 
  Import took 0.004836 seconds .

========================================================================
Received Import Request.
  Time since last request: 11.760925 seconds.
  path: Packages/com.unity.cinemachine/Editor/EditorResources
  artifactKey: Guid(1112226500c624c40a5a3e75030be2f0) Importer(815301076,1909f56bfc062723c751e8b465ee728b)
Start importing Packages/com.unity.cinemachine/Editor/EditorResources using Guid(1112226500c624c40a5a3e75030be2f0) Importer(815301076,1909f56bfc062723c751e8b465ee728b)  -> (artifact id: 'c42e5dce4128b99b09f07d80ebe736ae') in 0.002248 seconds 
  Import took 0.006278 seconds .

========================================================================
Received Import Request.
  Time since last request: 0.076649 seconds.
  path: Packages/com.unity.cinemachine/Editor/EditorResources/Cinemachine_header.tif
  artifactKey: Guid(372fe04232d5ed94d8d71524616c1543) Importer(815301076,1909f56bfc062723c751e8b465ee728b)
Start importing Packages/com.unity.cinemachine/Editor/EditorResources/Cinemachine_header.tif using Guid(372fe04232d5ed94d8d71524616c1543) Importer(815301076,1909f56bfc062723c751e8b465ee728b)  -> (artifact id: 'ddb8b9b7c04dd136746aa1be088f40c4') in 0.053747 seconds 
  Import took 0.057072 seconds .

========================================================================
Received Import Request.
  Time since last request: 0.000351 seconds.
  path: Packages/com.unity.cinemachine/Editor/EditorResources/cm_logo_sm.png
  artifactKey: Guid(5f2a108eb023faf43a809979fd3d38f2) Importer(815301076,1909f56bfc062723c751e8b465ee728b)
Start importing Packages/com.unity.cinemachine/Editor/EditorResources/cm_logo_sm.png using Guid(5f2a108eb023faf43a809979fd3d38f2) Importer(815301076,1909f56bfc062723c751e8b465ee728b)  -> (artifact id: '6b001fb0b797b132ce8dca96b7ef0c39') in 0.005230 seconds 
  Import took 0.008282 seconds .

========================================================================
Received Import Request.
  Time since last request: 0.000349 seconds.
  path: Packages/com.unity.cinemachine/Editor/EditorResources/CMWaveform.compute
  artifactKey: Guid(6dd3f00b9032de54c8784df7bdc6fdf8) Importer(815301076,1909f56bfc062723c751e8b465ee728b)
Start importing Packages/com.unity.cinemachine/Editor/EditorResources/CMWaveform.compute using Guid(6dd3f00b9032de54c8784df7bdc6fdf8) Importer(815301076,1909f56bfc062723c751e8b465ee728b)  -> (artifact id: 'edccf3bea0f638feb2e9ba14db440278') in 0.003888 seconds 
  Import took 0.006542 seconds .

========================================================================
Received Import Request.
  Time since last request: 0.011261 seconds.
  path: Packages/com.unity.cinemachine/Editor/EditorResources/PostProcessLayer.png
  artifactKey: Guid(ba6fb66d108240a4a98dea11660dc646) Importer(815301076,1909f56bfc062723c751e8b465ee728b)
Start importing Packages/com.unity.cinemachine/Editor/EditorResources/PostProcessLayer.png using Guid(ba6fb66d108240a4a98dea11660dc646) Importer(815301076,1909f56bfc062723c751e8b465ee728b)  -> (artifact id: 'b3968983e1f4ce09003a1fcee9571876') in 0.008044 seconds 
  Import took 0.013169 seconds .

========================================================================
Received Import Request.
  Time since last request: 3.787680 seconds.
  path: Packages/com.unity.cinemachine/Editor/Helpers
  artifactKey: Guid(3ee56510c2623c54daa99a3748f6f438) Importer(815301076,1909f56bfc062723c751e8b465ee728b)
Start importing Packages/com.unity.cinemachine/Editor/Helpers using Guid(3ee56510c2623c54daa99a3748f6f438) Importer(815301076,1909f56bfc062723c751e8b465ee728b)  -> (artifact id: '5848b0271257d6cdf8e61ae7c982eab2') in 0.002110 seconds 
  Import took 0.006229 seconds .

========================================================================
Received Import Request.
  Time since last request: 0.288485 seconds.
  path: Packages/com.unity.cinemachine/Editor/Experimental
  artifactKey: Guid(351cec6faf82a1848a52b8fd995c6c25) Importer(815301076,1909f56bfc062723c751e8b465ee728b)
Start importing Packages/com.unity.cinemachine/Editor/Experimental using Guid(351cec6faf82a1848a52b8fd995c6c25) Importer(815301076,1909f56bfc062723c751e8b465ee728b)  -> (artifact id: 'dabf6c6da73c486dcb5d8872b7e7c29a') in 0.001798 seconds 
  Import took 0.005297 seconds .

========================================================================
Received Import Request.
  Time since last request: 3.420407 seconds.
  path: Packages/com.unity.cinemachine/Editor/Impulse
  artifactKey: Guid(ac4cc060534a50747a448a00776ed888) Importer(815301076,1909f56bfc062723c751e8b465ee728b)
Start importing Packages/com.unity.cinemachine/Editor/Impulse using Guid(ac4cc060534a50747a448a00776ed888) Importer(815301076,1909f56bfc062723c751e8b465ee728b)  -> (artifact id: '7de96b821f14d1739f5b113b7f0c8cc9') in 0.001761 seconds 
  Import took 0.005472 seconds .

========================================================================
Received Import Request.
  Time since last request: 1.820269 seconds.
  path: Packages/com.unity.cinemachine/Editor/Menus
  artifactKey: Guid(d093acf2bada69e4bbbcf0a8b4534919) Importer(815301076,1909f56bfc062723c751e8b465ee728b)
Start importing Packages/com.unity.cinemachine/Editor/Menus using Guid(d093acf2bada69e4bbbcf0a8b4534919) Importer(815301076,1909f56bfc062723c751e8b465ee728b)  -> (artifact id: '23c8a1d208aefb7acc92bed29e82af6f') in 0.002702 seconds 
  Import took 0.007476 seconds .

========================================================================
Received Import Request.
  Time since last request: 3.302462 seconds.
  path: Packages/com.unity.cinemachine/Editor/Windows
  artifactKey: Guid(9c644b247df49ee47957d373411a85c3) Importer(815301076,1909f56bfc062723c751e8b465ee728b)
Start importing Packages/com.unity.cinemachine/Editor/Windows using Guid(9c644b247df49ee47957d373411a85c3) Importer(815301076,1909f56bfc062723c751e8b465ee728b)  -> (artifact id: '359ab4d083c13ed3217d4c7651059564') in 0.002592 seconds 
  Import took 0.006756 seconds .

========================================================================
Received Import Request.
  Time since last request: 1.103361 seconds.
  path: Packages/com.unity.cinemachine/Editor/Utility
  artifactKey: Guid(29d58ccb958d24942bf23fafcec87c0b) Importer(815301076,1909f56bfc062723c751e8b465ee728b)
Start importing Packages/com.unity.cinemachine/Editor/Utility using Guid(29d58ccb958d24942bf23fafcec87c0b) Importer(815301076,1909f56bfc062723c751e8b465ee728b)  -> (artifact id: 'd90fd15c91e948c0154867761ec38047') in 0.001670 seconds 
  Import took 0.005830 seconds .

========================================================================
Received Import Request.
  Time since last request: 4.677475 seconds.
  path: Packages/com.unity.cinemachine/Editor/Timeline
  artifactKey: Guid(59bf6f737ca29494a8a074e4e7151fc3) Importer(815301076,1909f56bfc062723c751e8b465ee728b)
Start importing Packages/com.unity.cinemachine/Editor/Timeline using Guid(59bf6f737ca29494a8a074e4e7151fc3) Importer(815301076,1909f56bfc062723c751e8b465ee728b)  -> (artifact id: 'f571ef0882890562e7e2e079cf479ecb') in 0.002238 seconds 
  Import took 0.005925 seconds .

========================================================================
Received Import Request.
  Time since last request: 3.195913 seconds.
  path: Packages/com.unity.ide.rider/package.json
  artifactKey: Guid(66c95bb3c74257f41bae2622511dc02d) Importer(815301076,1909f56bfc062723c751e8b465ee728b)
Start importing Packages/com.unity.ide.rider/package.json using Guid(66c95bb3c74257f41bae2622511dc02d) Importer(815301076,1909f56bfc062723c751e8b465ee728b)  -> (artifact id: 'ff96f7b61e94a0dc9b975679be81ead9') in 0.024596 seconds 
  Import took 0.028506 seconds .

========================================================================
Received Import Request.
  Time since last request: 0.886633 seconds.
  path: Packages/com.unity.mathematics/package.json
  artifactKey: Guid(d34d0af25c21141a98c0cf3c0066444f) Importer(815301076,1909f56bfc062723c751e8b465ee728b)
Start importing Packages/com.unity.mathematics/package.json using Guid(d34d0af25c21141a98c0cf3c0066444f) Importer(815301076,1909f56bfc062723c751e8b465ee728b)  -> (artifact id: '421048e766e0d8e0b608a2d58a809366') in 0.023133 seconds 
  Import took 0.028430 seconds .

========================================================================
Received Import Request.
  Time since last request: 3.775255 seconds.
  path: Packages/com.unity.postprocessing/PostProcessing
  artifactKey: Guid(0d256a256b5667448bb3f33f75dbb4bf) Importer(815301076,1909f56bfc062723c751e8b465ee728b)
Start importing Packages/com.unity.postprocessing/PostProcessing using Guid(0d256a256b5667448bb3f33f75dbb4bf) Importer(815301076,1909f56bfc062723c751e8b465ee728b)  -> (artifact id: '52d6d4c1a6c14b7e69ae1fbdcd7099f7') in 0.001984 seconds 
  Import took 0.005908 seconds .

========================================================================
Received Import Request.
  Time since last request: 0.086577 seconds.
  path: Packages/com.unity.postprocessing/PostProcessing/PostProcessResources.asset
  artifactKey: Guid(d82512f9c8e5d4a4d938b575d47f88d4) Importer(815301076,1909f56bfc062723c751e8b465ee728b)
Start importing Packages/com.unity.postprocessing/PostProcessing/PostProcessResources.asset using Guid(d82512f9c8e5d4a4d938b575d47f88d4) Importer(815301076,1909f56bfc062723c751e8b465ee728b)  -> (artifact id: '6af8c186082e2f8dbe5ac68ab69e184b') in 0.034118 seconds 
  Import took 0.038824 seconds .

========================================================================
Received Import Request.
  Time since last request: 1.065770 seconds.
  path: Packages/com.unity.postprocessing/PostProcessing/Shaders
  artifactKey: Guid(660a3ee04f28e0a4a97dc5831c5a1de3) Importer(815301076,1909f56bfc062723c751e8b465ee728b)
Start importing Packages/com.unity.postprocessing/PostProcessing/Shaders using Guid(660a3ee04f28e0a4a97dc5831c5a1de3) Importer(815301076,1909f56bfc062723c751e8b465ee728b)  -> (artifact id: '0b082575a3822ce83fdfa8de213f5ca0') in 0.002842 seconds 
  Import took 0.007717 seconds .

========================================================================
Received Import Request.
  Time since last request: 0.794377 seconds.
  path: Packages/com.unity.postprocessing/PostProcessing/Editor
  artifactKey: Guid(10af18f17ff5ecf47bc4dbd1551b36d2) Importer(815301076,1909f56bfc062723c751e8b465ee728b)
Start importing Packages/com.unity.postprocessing/PostProcessing/Editor using Guid(10af18f17ff5ecf47bc4dbd1551b36d2) Importer(815301076,1909f56bfc062723c751e8b465ee728b)  -> (artifact id: '4fbe2bb7ec8c23e461e98f5421505c4d') in 0.001668 seconds 
  Import took 0.005516 seconds .

========================================================================
Received Import Request.
  Time since last request: 0.081596 seconds.
  path: Packages/com.unity.postprocessing/PostProcessing/Editor/Unity.Postprocessing.Editor.asmdef
  artifactKey: Guid(a35efad8797223d499f8c68b1f545dbc) Importer(815301076,1909f56bfc062723c751e8b465ee728b)
Start importing Packages/com.unity.postprocessing/PostProcessing/Editor/Unity.Postprocessing.Editor.asmdef using Guid(a35efad8797223d499f8c68b1f545dbc) Importer(815301076,1909f56bfc062723c751e8b465ee728b)  -> (artifact id: '87feca1b2a30470efbd4090ed3bc3146') in 0.001522 seconds 
  Import took 0.004938 seconds .

========================================================================
Received Import Request.
  Time since last request: 0.618201 seconds.
  path: Packages/com.unity.postprocessing/PostProcessing/Editor/Decorators
  artifactKey: Guid(21a375b704549664589881dfc892e7e7) Importer(815301076,1909f56bfc062723c751e8b465ee728b)
Start importing Packages/com.unity.postprocessing/PostProcessing/Editor/Decorators using Guid(21a375b704549664589881dfc892e7e7) Importer(815301076,1909f56bfc062723c751e8b465ee728b)  -> (artifact id: 'e749b85e51f09ede08401369ffb35ec0') in 0.002095 seconds 
  Import took 0.007137 seconds .

========================================================================
Received Import Request.
  Time since last request: 3.507742 seconds.
  path: Packages/com.unity.postprocessing/PostProcessing/Editor/Utils
  artifactKey: Guid(018e19d6c1b36224b85b5c0ddd6a895e) Importer(815301076,1909f56bfc062723c751e8b465ee728b)
Start importing Packages/com.unity.postprocessing/PostProcessing/Editor/Utils using Guid(018e19d6c1b36224b85b5c0ddd6a895e) Importer(815301076,1909f56bfc062723c751e8b465ee728b)  -> (artifact id: '50dfca8e2b3cbccb7f7fa9dda21505ba') in 0.002590 seconds 
  Import took 0.007661 seconds .

========================================================================
Received Import Request.
  Time since last request: 3.591893 seconds.
  path: Packages/com.unity.ugui/package.json
  artifactKey: Guid(319b8889f363f5947acf209c17a94149) Importer(815301076,1909f56bfc062723c751e8b465ee728b)
Start importing Packages/com.unity.ugui/package.json using Guid(319b8889f363f5947acf209c17a94149) Importer(815301076,1909f56bfc062723c751e8b465ee728b)  -> (artifact id: '39d1f12f0f4420a8b9dea50868bbb5d0') in 0.018558 seconds 
  Import took 0.022075 seconds .

========================================================================
Received Import Request.
  Time since last request: 3.336519 seconds.
  path: Packages/com.unity.textmeshpro/Tests
  artifactKey: Guid(2ce4bbcc4722440890a03312706037fe) Importer(815301076,1909f56bfc062723c751e8b465ee728b)
Start importing Packages/com.unity.textmeshpro/Tests using Guid(2ce4bbcc4722440890a03312706037fe) Importer(815301076,1909f56bfc062723c751e8b465ee728b)  -> (artifact id: 'ef1bd0b6fc32a6e63072ddb3f00c9b1d') in 0.002220 seconds 
  Import took 0.006483 seconds .

========================================================================
Received Import Request.
  Time since last request: 1.009197 seconds.
  path: Packages/com.unity.textmeshpro/Tests/Runtime
  artifactKey: Guid(114ee901710203147bd1e6b8555e3887) Importer(815301076,1909f56bfc062723c751e8b465ee728b)
Start importing Packages/com.unity.textmeshpro/Tests/Runtime using Guid(114ee901710203147bd1e6b8555e3887) Importer(815301076,1909f56bfc062723c751e8b465ee728b)  -> (artifact id: 'b0381be0fb1be9be53d869316f56968a') in 0.002493 seconds 
  Import took 0.006604 seconds .

========================================================================
Received Import Request.
  Time since last request: 0.071279 seconds.
  path: Packages/com.unity.textmeshpro/Tests/Runtime/Unity.TextMeshPro.Tests.asmdef
  artifactKey: Guid(bb05cab7d802aa5468f8f2f86840d984) Importer(815301076,1909f56bfc062723c751e8b465ee728b)
Start importing Packages/com.unity.textmeshpro/Tests/Runtime/Unity.TextMeshPro.Tests.asmdef using Guid(bb05cab7d802aa5468f8f2f86840d984) Importer(815301076,1909f56bfc062723c751e8b465ee728b)  -> (artifact id: 'b26e5d4825d514e60abcca3bbfb08672') in 0.002160 seconds 
  Import took 0.005681 seconds .

========================================================================
Received Import Request.
  Time since last request: 0.533403 seconds.
  path: Packages/com.unity.textmeshpro/Tests/Runtime/TMP_RuntimeTests.cs
  artifactKey: Guid(9de24983a2c6cbe4f925c3e98a79b804) Importer(815301076,1909f56bfc062723c751e8b465ee728b)
Start importing Packages/com.unity.textmeshpro/Tests/Runtime/TMP_RuntimeTests.cs using Guid(9de24983a2c6cbe4f925c3e98a79b804) Importer(815301076,1909f56bfc062723c751e8b465ee728b)  -> (artifact id: '02ed4b913584e794a4393245ed1cf685') in 0.114081 seconds 
  Import took 0.118172 seconds .

========================================================================
Received Import Request.
  Time since last request: 0.914439 seconds.
  path: Packages/com.unity.textmeshpro/Tests/Editor
  artifactKey: Guid(2ddb9c7e83a272341992e289cb625a29) Importer(815301076,1909f56bfc062723c751e8b465ee728b)
Start importing Packages/com.unity.textmeshpro/Tests/Editor using Guid(2ddb9c7e83a272341992e289cb625a29) Importer(815301076,1909f56bfc062723c751e8b465ee728b)  -> (artifact id: 'c29c4558973cfe6dceae90e231c5c5b2') in 0.001926 seconds 
  Import took 0.006053 seconds .

========================================================================
Received Import Request.
  Time since last request: 0.073810 seconds.
  path: Packages/com.unity.textmeshpro/Tests/Editor/Unity.TextMeshPro.Editor.Tests.asmdef
  artifactKey: Guid(656e461844099ae43a609ff6109b0877) Importer(815301076,1909f56bfc062723c751e8b465ee728b)
Start importing Packages/com.unity.textmeshpro/Tests/Editor/Unity.TextMeshPro.Editor.Tests.asmdef using Guid(656e461844099ae43a609ff6109b0877) Importer(815301076,1909f56bfc062723c751e8b465ee728b)  -> (artifact id: 'fcffb8c55a96b9f12c1f51f36d51ea04') in 0.001577 seconds 
  Import took 0.005887 seconds .

========================================================================
Received Import Request.
  Time since last request: 58.731058 seconds.
  path: Packages/com.unity.2d.animation
  artifactKey: Guid(bb5c94055a953b6081dfc49350569eb1) Importer(815301076,1909f56bfc062723c751e8b465ee728b)
Start importing Packages/com.unity.2d.animation using Guid(bb5c94055a953b6081dfc49350569eb1) Importer(815301076,1909f56bfc062723c751e8b465ee728b)  -> (artifact id: '09fa518512abe465e781a54efa05d46a') in 0.002597 seconds 
  Import took 0.007604 seconds .

========================================================================
Received Import Request.
  Time since last request: 35.855379 seconds.
  path: Packages/com.unity.ide.visualstudio/package.json
  artifactKey: Guid(656f74f6edaa396458412b9e3903d8cd) Importer(815301076,1909f56bfc062723c751e8b465ee728b)
Start importing Packages/com.unity.ide.visualstudio/package.json using Guid(656f74f6edaa396458412b9e3903d8cd) Importer(815301076,1909f56bfc062723c751e8b465ee728b)  -> (artifact id: 'd46db23716272956467c90831c6c24d6') in 0.152335 seconds 
  Import took 0.158277 seconds .

========================================================================
Received Prepare
Registering precompiled user dll's ...
Registered in 0.439475 seconds.
Begin MonoManager ReloadAssembly
Native extension for WindowsStandalone target not found
Native extension for WebGL target not found
Refreshing native plugins compatible for Editor in 0.81 ms, found 3 plugins.
Preloading 0 native plugins for Editor in 0.00 ms.
Mono: successfully reloaded assembly
- Completed reload, in 24.151 seconds
Domain Reload Profiling:
	ReloadAssembly (24561ms)
		BeginReloadAssembly (3707ms)
			ExecutionOrderSort (0ms)
			DisableScriptedObjects (788ms)
			BackupInstance (0ms)
			ReleaseScriptingObjects (0ms)
			CreateAndSetChildDomain (647ms)
		EndReloadAssembly (19203ms)
			LoadAssemblies (12998ms)
			RebuildTransferFunctionScriptingTraits (0ms)
			SetupTypeCache (4032ms)
			ReleaseScriptCaches (1ms)
			RebuildScriptCaches (188ms)
			SetupLoadedEditorAssemblies (2748ms)
				LogAssemblyErrors (0ms)
				InitializePlatformSupportModulesInManaged (51ms)
				SetLoadedEditorAssemblies (20ms)
				RefreshPlugins (32ms)
				BeforeProcessingInitializeOnLoad (600ms)
				ProcessInitializeOnLoadAttributes (1965ms)
				ProcessInitializeOnLoadMethodAttributes (77ms)
				AfterProcessingInitializeOnLoad (2ms)
				EditorAssembliesLoaded (0ms)
			ExecutionOrderSort2 (0ms)
			AwakeInstancesAfterBackupRestoration (61ms)
Platform modules already initialized, skipping
Shader 'TextMeshPro/Distance Field': fallback shader 'TextMeshPro/Mobile/Distance Field' not found
Refreshing native plugins compatible for Editor in 0.65 ms, found 3 plugins.
Preloading 0 native plugins for Editor in 0.00 ms.
Unloading 2523 Unused Serialized files (Serialized files now loaded: 0)
System memory in use before: 117.4 MB.
System memory in use after: 115.5 MB.

Unloading 34 unused Assets to reduce memory usage. Loaded Objects now: 2994.
Total: 220.652400 ms (FindLiveObjects: 0.356400 ms CreateObjectMapping: 0.096500 ms MarkObjects: 217.276600 ms  DeleteObjects: 2.919300 ms)

AssetImportParameters requested are different than current active one (requested -> active):
  custom:framework-win-MediaFoundation: 216162199b28c13a410421893ffa2e32 -> 
  custom:video-decoder-ogg-theora: a1e56fd34408186e4bbccfd4996cb3dc -> 
  custom:container-muxer-webm: aa71ff27fc2769a1b78a27578f13a17b -> 
  custom:container-demuxer-webm: 4f35f7cbe854078d1ac9338744f61a02 -> 
  custom:container-demuxer-ogg: 62fdf1f143b41e24485cea50d1cbac27 -> 
  custom:video-encoder-webm-vp8: eb34c28f22e8b96e1ab97ce403110664 -> 
  custom:video-decoder-webm-vp8: 9c59270c3fd7afecdb556c50c9e8de78 -> 
  custom:audio-decoder-ogg-vorbis: bf7c407c2cedff20999df2af8eb42d56 -> 
  custom:audio-encoder-webm-vorbis: bf7c407c2cedff20999df2af8eb42d56 -> 
